[ 2018-06-24T20:41:31+08:00 ] 192.168.0.122 /plant/API/api/fieldMaster/getFieldInfo
INFO: {"sk":"a531f418322b191b1db262b753fcce09e826746d","data":{"navigation":{"actions":{},"state":{"routeName":"EditField","key":"id-1529761655433-9"}},"editType":"0","fieldId":"FD00001"}}
[ 2018-06-24T20:41:31+08:00 ] 192.168.0.122 /plant/API/api/fieldMaster/getFieldInfo
INFO: {"userInfo":{"userCd":"10007","userName":"\u884c\u4e09","password":"gggg","telPhone":"1315656566","address":"25,55","addressName":"\u4e0a\u6d77"},"companyInfo":{"companyCd":"ZGS","userCd":"10007","currentFlag":"1","sysAuth":"R"}}
[ 2018-06-24T20:41:31+08:00 ] 192.168.0.122 /plant/API/api/fieldMaster/getFieldInfo
INFO: 99999999999999999999
[ 2018-06-24T20:41:32+08:00 ] 192.168.0.122 /plant/API/api/fieldMaster/getFieldInfo
INFO: fieldRentList>>>
[ 2018-06-24T20:41:32+08:00 ] 192.168.0.122 /plant/API/api/fieldMaster/getFieldInfo
INFO: 0
[ 2018-06-24T20:41:32+08:00 ] 192.168.0.122 /plant/API/api/fieldMaster/getFieldInfo
INFO: 0
[ 2018-06-24T20:41:32+08:00 ] 192.168.0.122 /plant/API/api/fieldMaster/getFieldInfo
INFO: [ app_begin ] --START--
INFO: Run Behavior\ReadHtmlCache [ RunTime:0.000727s ]
INFO: [ app_begin ] --END-- [ RunTime:0.001203s ]
SQL: SHOW COLUMNS FROM `zwp_m_field` [ RunTime:0.006965s ]
SQL: SELECT * FROM `zwp_m_field` WHERE ( `companyCd` = 'ZGS' ) AND ( `fieldId` = 'FD00001' ) LIMIT 1   [ RunTime:0.000282s ]
SQL: SHOW COLUMNS FROM `zwp_m_field_rent` [ RunTime:0.006785s ]
SQL: SELECT * FROM `zwp_m_field_rent` WHERE ( `companyCd` = 'ZGS' ) AND ( `fieldId` = 'FD00001' )  [ RunTime:0.000273s ]

[ 2018-06-24T20:42:51+08:00 ] 192.168.0.122 /plant/API/api/fieldMaster/getFieldInfo
INFO: {"sk":"a531f418322b191b1db262b753fcce09e826746d","data":{"navigation":{"actions":{},"state":{"routeName":"EditField","key":"id-1529761655433-10"}},"editType":"0","fieldId":"FD00001"}}
[ 2018-06-24T20:42:51+08:00 ] 192.168.0.122 /plant/API/api/fieldMaster/getFieldInfo
INFO: {"userInfo":{"userCd":"10007","userName":"\u884c\u4e09","password":"gggg","telPhone":"1315656566","address":"25,55","addressName":"\u4e0a\u6d77"},"companyInfo":{"companyCd":"ZGS","userCd":"10007","currentFlag":"1","sysAuth":"R"}}
[ 2018-06-24T20:42:51+08:00 ] 192.168.0.122 /plant/API/api/fieldMaster/getFieldInfo
INFO: 99999999999999999999
[ 2018-06-24T20:42:52+08:00 ] 192.168.0.122 /plant/API/api/fieldMaster/getFieldInfo
INFO: fieldRentList>>>
[ 2018-06-24T20:42:52+08:00 ] 192.168.0.122 /plant/API/api/fieldMaster/getFieldInfo
INFO: 0
[ 2018-06-24T20:42:52+08:00 ] 192.168.0.122 /plant/API/api/fieldMaster/getFieldInfo
INFO: 0
[ 2018-06-24T20:42:52+08:00 ] 192.168.0.122 /plant/API/api/fieldMaster/getFieldInfo
INFO: [ app_begin ] --START--
INFO: Run Behavior\ReadHtmlCache [ RunTime:0.000508s ]
INFO: [ app_begin ] --END-- [ RunTime:0.000832s ]
SQL: SHOW COLUMNS FROM `zwp_m_field` [ RunTime:0.006264s ]
SQL: SELECT * FROM `zwp_m_field` WHERE ( `companyCd` = 'ZGS' ) AND ( `fieldId` = 'FD00001' ) LIMIT 1   [ RunTime:0.000267s ]
SQL: SHOW COLUMNS FROM `zwp_m_field_rent` [ RunTime:0.010211s ]
SQL: SELECT * FROM `zwp_m_field_rent` WHERE ( `companyCd` = 'ZGS' ) AND ( `fieldId` = 'FD00001' )  [ RunTime:0.000287s ]

[ 2018-06-24T20:42:53+08:00 ] 192.168.0.122 /plant/API/index.php
INFO: [ app_begin ] --START--
INFO: Run Behavior\ReadHtmlCache [ RunTime:0.000677s ]
INFO: [ app_begin ] --END-- [ RunTime:0.001097s ]
INFO: [ app_end ] --START--
INFO: Run Behavior\ShowPageTrace [ RunTime:0.000620s ]
INFO: [ app_end ] --END-- [ RunTime:0.000671s ]

[ 2018-06-24T20:44:20+08:00 ] 192.168.0.122 /plant/API/api/fieldMaster/getFieldInfo
INFO: {"sk":"a531f418322b191b1db262b753fcce09e826746d","data":{"navigation":{"actions":{},"state":{"routeName":"EditField","key":"id-1529761655433-11"}},"editType":"0","fieldId":"FD00001"}}
[ 2018-06-24T20:44:20+08:00 ] 192.168.0.122 /plant/API/api/fieldMaster/getFieldInfo
INFO: {"userInfo":{"userCd":"10007","userName":"\u884c\u4e09","password":"gggg","telPhone":"1315656566","address":"25,55","addressName":"\u4e0a\u6d77"},"companyInfo":{"companyCd":"ZGS","userCd":"10007","currentFlag":"1","sysAuth":"R"}}
[ 2018-06-24T20:44:20+08:00 ] 192.168.0.122 /plant/API/api/fieldMaster/getFieldInfo
INFO: 99999999999999999999
[ 2018-06-24T20:44:21+08:00 ] 192.168.0.122 /plant/API/api/fieldMaster/getFieldInfo
INFO: fieldRentList>>>
[ 2018-06-24T20:44:21+08:00 ] 192.168.0.122 /plant/API/api/fieldMaster/getFieldInfo
INFO: [ app_begin ] --START--
INFO: Run Behavior\ReadHtmlCache [ RunTime:0.000691s ]
INFO: [ app_begin ] --END-- [ RunTime:0.001114s ]
SQL: SHOW COLUMNS FROM `zwp_m_field` [ RunTime:0.010753s ]
SQL: SELECT * FROM `zwp_m_field` WHERE ( `companyCd` = 'ZGS' ) AND ( `fieldId` = 'FD00001' ) LIMIT 1   [ RunTime:0.000257s ]
SQL: SHOW COLUMNS FROM `zwp_m_field_rent` [ RunTime:0.006950s ]
SQL: SELECT * FROM `zwp_m_field_rent` WHERE ( `companyCd` = 'ZGS' ) AND ( `fieldId` = 'FD00001' )  [ RunTime:0.000369s ]

[ 2018-06-24T20:46:09+08:00 ] 192.168.0.122 /plant/API/api/user/login
INFO: {"userCd":"10007","password":"gggg"}
[ 2018-06-24T20:46:10+08:00 ] 192.168.0.122 /plant/API/api/user/login
INFO: {"code":"1000","msg":"\u767b\u5f55\u6210\u529f\uff01","data":{"user":{"userCd":"10007","userName":"\u884c\u4e09","password":"gggg","telPhone":"1315656566","address":"25,55","addressName":"\u4e0a\u6d77"},"loginCompanyInfo":{"companyCd":"ZGS","userCd":"10007","currentFlag":"1","sysAuth":"R"},"sk":"6a87f010e24c105db63eff5c0b399ea90f1c58c6"}}
[ 2018-06-24T20:46:10+08:00 ] 192.168.0.122 /plant/API/api/user/login
INFO: [ app_begin ] --START--
INFO: Run Behavior\ReadHtmlCache [ RunTime:0.000503s ]
INFO: [ app_begin ] --END-- [ RunTime:0.000843s ]
SQL: SHOW COLUMNS FROM `zwp_sys_user` [ RunTime:0.021845s ]
SQL: SELECT * FROM `zwp_sys_user` WHERE ( `userCd` = '10007' ) LIMIT 1   [ RunTime:0.000264s ]
SQL: SHOW COLUMNS FROM `zwp_sys_company_user_map` [ RunTime:0.028707s ]
SQL: SELECT * FROM `zwp_sys_company_user_map` WHERE ( `userCd` = '10007' ) AND ( `currentFlag` = 1 ) LIMIT 1   [ RunTime:0.000277s ]

[ 2018-06-24T20:46:12+08:00 ] 192.168.0.122 /plant/API/api/fieldMaster/getFieldInfo
INFO: {"sk":"6a87f010e24c105db63eff5c0b399ea90f1c58c6","data":{"navigation":{"actions":{},"state":{"routeName":"EditField","key":"id-1529844369889-4"}},"editType":"0","fieldId":"FD00001"}}
[ 2018-06-24T20:46:12+08:00 ] 192.168.0.122 /plant/API/api/fieldMaster/getFieldInfo
INFO: {"userInfo":{"userCd":"10007","userName":"\u884c\u4e09","password":"gggg","telPhone":"1315656566","address":"25,55","addressName":"\u4e0a\u6d77"},"companyInfo":{"companyCd":"ZGS","userCd":"10007","currentFlag":"1","sysAuth":"R"}}
[ 2018-06-24T20:46:12+08:00 ] 192.168.0.122 /plant/API/api/fieldMaster/getFieldInfo
INFO: 99999999999999999999
[ 2018-06-24T20:46:13+08:00 ] 192.168.0.122 /plant/API/api/fieldMaster/getFieldInfo
INFO: fieldRentList>>>
[ 2018-06-24T20:46:13+08:00 ] 192.168.0.122 /plant/API/api/fieldMaster/getFieldInfo
INFO: fieldRentList>>>6666666666
[ 2018-06-24T20:46:13+08:00 ] 192.168.0.122 /plant/API/api/fieldMaster/getFieldInfo
INFO: 0
[ 2018-06-24T20:46:13+08:00 ] 192.168.0.122 /plant/API/api/fieldMaster/getFieldInfo
INFO: [ app_begin ] --START--
INFO: Run Behavior\ReadHtmlCache [ RunTime:0.000524s ]
INFO: [ app_begin ] --END-- [ RunTime:0.000882s ]
SQL: SHOW COLUMNS FROM `zwp_m_field` [ RunTime:0.006460s ]
SQL: SELECT * FROM `zwp_m_field` WHERE ( `companyCd` = 'ZGS' ) AND ( `fieldId` = 'FD00001' ) LIMIT 1   [ RunTime:0.000266s ]
SQL: SHOW COLUMNS FROM `zwp_m_field_rent` [ RunTime:0.007643s ]
SQL: SELECT * FROM `zwp_m_field_rent` WHERE ( `companyCd` = 'ZGS' ) AND ( `fieldId` = 'FD00001' )  [ RunTime:0.000257s ]

[ 2018-06-24T20:46:56+08:00 ] 192.168.0.122 /plant/API/api/fieldMaster/getFieldInfo
INFO: {"sk":"6a87f010e24c105db63eff5c0b399ea90f1c58c6","data":{"navigation":{"actions":{},"state":{"routeName":"EditField","key":"id-1529844369889-5"}},"editType":"0","fieldId":"FD00001"}}
[ 2018-06-24T20:46:56+08:00 ] 192.168.0.122 /plant/API/api/fieldMaster/getFieldInfo
INFO: {"userInfo":{"userCd":"10007","userName":"\u884c\u4e09","password":"gggg","telPhone":"1315656566","address":"25,55","addressName":"\u4e0a\u6d77"},"companyInfo":{"companyCd":"ZGS","userCd":"10007","currentFlag":"1","sysAuth":"R"}}
[ 2018-06-24T20:46:56+08:00 ] 192.168.0.122 /plant/API/api/fieldMaster/getFieldInfo
INFO: 99999999999999999999
[ 2018-06-24T20:46:57+08:00 ] 192.168.0.122 /plant/API/api/fieldMaster/getFieldInfo
INFO: fieldRentList>>>
[ 2018-06-24T20:46:57+08:00 ] 192.168.0.122 /plant/API/api/fieldMaster/getFieldInfo
INFO: 0
[ 2018-06-24T20:46:57+08:00 ] 192.168.0.122 /plant/API/api/fieldMaster/getFieldInfo
INFO: 0
[ 2018-06-24T20:46:57+08:00 ] 192.168.0.122 /plant/API/api/fieldMaster/getFieldInfo
INFO: [ app_begin ] --START--
INFO: Run Behavior\ReadHtmlCache [ RunTime:0.000719s ]
INFO: [ app_begin ] --END-- [ RunTime:0.001163s ]
SQL: SHOW COLUMNS FROM `zwp_m_field` [ RunTime:0.006754s ]
SQL: SELECT * FROM `zwp_m_field` WHERE ( `companyCd` = 'ZGS' ) AND ( `fieldId` = 'FD00001' ) LIMIT 1   [ RunTime:0.000269s ]
SQL: SHOW COLUMNS FROM `zwp_m_field_rent` [ RunTime:0.006682s ]
SQL: SELECT * FROM `zwp_m_field_rent` WHERE ( `companyCd` = 'ZGS' ) AND ( `fieldId` = 'FD00001' )  [ RunTime:0.000283s ]

[ 2018-06-24T20:47:33+08:00 ] 192.168.0.122 /plant/API/api/fieldMaster/getFieldInfo
INFO: {"sk":"6a87f010e24c105db63eff5c0b399ea90f1c58c6","data":{"navigation":{"actions":{},"state":{"routeName":"EditField","key":"id-1529844369889-6"}},"editType":"0","fieldId":"FD00001"}}
[ 2018-06-24T20:47:33+08:00 ] 192.168.0.122 /plant/API/api/fieldMaster/getFieldInfo
INFO: {"userInfo":{"userCd":"10007","userName":"\u884c\u4e09","password":"gggg","telPhone":"1315656566","address":"25,55","addressName":"\u4e0a\u6d77"},"companyInfo":{"companyCd":"ZGS","userCd":"10007","currentFlag":"1","sysAuth":"R"}}
[ 2018-06-24T20:47:33+08:00 ] 192.168.0.122 /plant/API/api/fieldMaster/getFieldInfo
INFO: 99999999999999999999
[ 2018-06-24T20:47:34+08:00 ] 192.168.0.122 /plant/API/api/fieldMaster/getFieldInfo
INFO: fieldRentList>>>
[ 2018-06-24T20:47:34+08:00 ] 192.168.0.122 /plant/API/api/fieldMaster/getFieldInfo
INFO: [ app_begin ] --START--
INFO: Run Behavior\ReadHtmlCache [ RunTime:0.000523s ]
INFO: [ app_begin ] --END-- [ RunTime:0.000866s ]
SQL: SHOW COLUMNS FROM `zwp_m_field` [ RunTime:0.006553s ]
SQL: SELECT * FROM `zwp_m_field` WHERE ( `companyCd` = 'ZGS' ) AND ( `fieldId` = 'FD00001' ) LIMIT 1   [ RunTime:0.000289s ]
SQL: SHOW COLUMNS FROM `zwp_m_field_rent` [ RunTime:0.008816s ]
SQL: SELECT * FROM `zwp_m_field_rent` WHERE ( `companyCd` = 'ZGS' ) AND ( `fieldId` = 'FD00001' )  [ RunTime:0.000268s ]

[ 2018-06-24T20:48:02+08:00 ] 192.168.0.122 /plant/API/api/user/login
INFO: {"userCd":"10007","password":"gggg"}
[ 2018-06-24T20:48:03+08:00 ] 192.168.0.122 /plant/API/api/user/login
INFO: {"code":"1000","msg":"\u767b\u5f55\u6210\u529f\uff01","data":{"user":{"userCd":"10007","userName":"\u884c\u4e09","password":"gggg","telPhone":"1315656566","address":"25,55","addressName":"\u4e0a\u6d77"},"loginCompanyInfo":{"companyCd":"ZGS","userCd":"10007","currentFlag":"1","sysAuth":"R"},"sk":"1b986db20549b33d097d3d368fd783ad84214958"}}
[ 2018-06-24T20:48:03+08:00 ] 192.168.0.122 /plant/API/api/user/login
INFO: [ app_begin ] --START--
INFO: Run Behavior\ReadHtmlCache [ RunTime:0.000495s ]
INFO: [ app_begin ] --END-- [ RunTime:0.000842s ]
SQL: SHOW COLUMNS FROM `zwp_sys_user` [ RunTime:0.006291s ]
SQL: SELECT * FROM `zwp_sys_user` WHERE ( `userCd` = '10007' ) LIMIT 1   [ RunTime:0.000237s ]
SQL: SHOW COLUMNS FROM `zwp_sys_company_user_map` [ RunTime:0.007421s ]
SQL: SELECT * FROM `zwp_sys_company_user_map` WHERE ( `userCd` = '10007' ) AND ( `currentFlag` = 1 ) LIMIT 1   [ RunTime:0.000227s ]

[ 2018-06-24T20:48:05+08:00 ] 192.168.0.122 /plant/API/api/fieldMaster/getFieldInfo
INFO: {"sk":"1b986db20549b33d097d3d368fd783ad84214958","data":{"navigation":{"actions":{},"state":{"routeName":"EditField","key":"id-1529844483079-4"}},"editType":"0","fieldId":"FD00001"}}
[ 2018-06-24T20:48:05+08:00 ] 192.168.0.122 /plant/API/api/fieldMaster/getFieldInfo
INFO: {"userInfo":{"userCd":"10007","userName":"\u884c\u4e09","password":"gggg","telPhone":"1315656566","address":"25,55","addressName":"\u4e0a\u6d77"},"companyInfo":{"companyCd":"ZGS","userCd":"10007","currentFlag":"1","sysAuth":"R"}}
[ 2018-06-24T20:48:05+08:00 ] 192.168.0.122 /plant/API/api/fieldMaster/getFieldInfo
INFO: 99999999999999999999
[ 2018-06-24T20:48:06+08:00 ] 192.168.0.122 /plant/API/api/fieldMaster/getFieldInfo
INFO: fieldRentList>>>
[ 2018-06-24T20:48:06+08:00 ] 192.168.0.122 /plant/API/api/fieldMaster/getFieldInfo
INFO: [ app_begin ] --START--
INFO: Run Behavior\ReadHtmlCache [ RunTime:0.000503s ]
INFO: [ app_begin ] --END-- [ RunTime:0.000840s ]
SQL: SHOW COLUMNS FROM `zwp_m_field` [ RunTime:0.006198s ]
SQL: SELECT * FROM `zwp_m_field` WHERE ( `companyCd` = 'ZGS' ) AND ( `fieldId` = 'FD00001' ) LIMIT 1   [ RunTime:0.000256s ]
SQL: SHOW COLUMNS FROM `zwp_m_field_rent` [ RunTime:0.007206s ]
SQL: SELECT * FROM `zwp_m_field_rent` WHERE ( `companyCd` = 'ZGS' ) AND ( `fieldId` = 'FD00001' )  [ RunTime:0.000261s ]

[ 2018-06-24T20:50:43+08:00 ] 192.168.0.122 /plant/API/api/user/login
INFO: {"userCd":"10007","password":"gggg"}
[ 2018-06-24T20:50:44+08:00 ] 192.168.0.122 /plant/API/api/user/login
INFO: {"code":"1000","msg":"\u767b\u5f55\u6210\u529f\uff01","data":{"user":{"userCd":"10007","userName":"\u884c\u4e09","password":"gggg","telPhone":"1315656566","address":"25,55","addressName":"\u4e0a\u6d77"},"loginCompanyInfo":{"companyCd":"ZGS","userCd":"10007","currentFlag":"1","sysAuth":"R"},"sk":"09c26339e54cf5f9810082b8d5f6cb5b902aaeb0"}}
[ 2018-06-24T20:50:44+08:00 ] 192.168.0.122 /plant/API/api/user/login
INFO: [ app_begin ] --START--
INFO: Run Behavior\ReadHtmlCache [ RunTime:0.000691s ]
INFO: [ app_begin ] --END-- [ RunTime:0.001124s ]
SQL: SHOW COLUMNS FROM `zwp_sys_user` [ RunTime:0.006445s ]
SQL: SELECT * FROM `zwp_sys_user` WHERE ( `userCd` = '10007' ) LIMIT 1   [ RunTime:0.000289s ]
SQL: SHOW COLUMNS FROM `zwp_sys_company_user_map` [ RunTime:0.006783s ]
SQL: SELECT * FROM `zwp_sys_company_user_map` WHERE ( `userCd` = '10007' ) AND ( `currentFlag` = 1 ) LIMIT 1   [ RunTime:0.000240s ]

[ 2018-06-24T20:50:46+08:00 ] 192.168.0.122 /plant/API/api/fieldMaster/getFieldInfo
INFO: {"sk":"09c26339e54cf5f9810082b8d5f6cb5b902aaeb0","data":{"navigation":{"actions":{},"state":{"routeName":"EditField","key":"id-1529844643911-4"}},"editType":"0","fieldId":"FD00001"}}
[ 2018-06-24T20:50:46+08:00 ] 192.168.0.122 /plant/API/api/fieldMaster/getFieldInfo
INFO: {"userInfo":{"userCd":"10007","userName":"\u884c\u4e09","password":"gggg","telPhone":"1315656566","address":"25,55","addressName":"\u4e0a\u6d77"},"companyInfo":{"companyCd":"ZGS","userCd":"10007","currentFlag":"1","sysAuth":"R"}}
[ 2018-06-24T20:50:46+08:00 ] 192.168.0.122 /plant/API/api/fieldMaster/getFieldInfo
INFO: 99999999999999999999
[ 2018-06-24T20:50:47+08:00 ] 192.168.0.122 /plant/API/api/fieldMaster/getFieldInfo
INFO: fieldRentList>>>
[ 2018-06-24T20:50:47+08:00 ] 192.168.0.122 /plant/API/api/fieldMaster/getFieldInfo
INFO: 0
[ 2018-06-24T20:50:47+08:00 ] 192.168.0.122 /plant/API/api/fieldMaster/getFieldInfo
INFO: [ app_begin ] --START--
INFO: Run Behavior\ReadHtmlCache [ RunTime:0.000515s ]
INFO: [ app_begin ] --END-- [ RunTime:0.000873s ]
SQL: SHOW COLUMNS FROM `zwp_m_field` [ RunTime:0.006218s ]
SQL: SELECT * FROM `zwp_m_field` WHERE ( `companyCd` = 'ZGS' ) AND ( `fieldId` = 'FD00001' ) LIMIT 1   [ RunTime:0.000257s ]
SQL: SHOW COLUMNS FROM `zwp_m_field_rent` [ RunTime:0.006752s ]
SQL: SELECT * FROM `zwp_m_field_rent` WHERE ( `companyCd` = 'ZGS' ) AND ( `fieldId` = 'FD00001' )  [ RunTime:0.000261s ]
NOTIC: [8] Array to string conversion E:\phpStudy\WWW\plant\API\Apps\Api\Controller\FieldMasterController.class.php 第 77 行.

[ 2018-06-24T20:51:45+08:00 ] 192.168.0.122 /plant/API/api/user/login
INFO: {"userCd":"10007","password":"gggg"}
[ 2018-06-24T20:51:46+08:00 ] 192.168.0.122 /plant/API/api/user/login
INFO: {"code":"1000","msg":"\u767b\u5f55\u6210\u529f\uff01","data":{"user":{"userCd":"10007","userName":"\u884c\u4e09","password":"gggg","telPhone":"1315656566","address":"25,55","addressName":"\u4e0a\u6d77"},"loginCompanyInfo":{"companyCd":"ZGS","userCd":"10007","currentFlag":"1","sysAuth":"R"},"sk":"94d51a960fd9a4a5da790cf0aa59d8016df849f2"}}
[ 2018-06-24T20:51:46+08:00 ] 192.168.0.122 /plant/API/api/user/login
INFO: [ app_begin ] --START--
INFO: Run Behavior\ReadHtmlCache [ RunTime:0.000508s ]
INFO: [ app_begin ] --END-- [ RunTime:0.000852s ]
SQL: SHOW COLUMNS FROM `zwp_sys_user` [ RunTime:0.006776s ]
SQL: SELECT * FROM `zwp_sys_user` WHERE ( `userCd` = '10007' ) LIMIT 1   [ RunTime:0.000298s ]
SQL: SHOW COLUMNS FROM `zwp_sys_company_user_map` [ RunTime:0.007593s ]
SQL: SELECT * FROM `zwp_sys_company_user_map` WHERE ( `userCd` = '10007' ) AND ( `currentFlag` = 1 ) LIMIT 1   [ RunTime:0.000247s ]

[ 2018-06-24T20:51:49+08:00 ] 192.168.0.122 /plant/API/api/fieldMaster/getFieldInfo
INFO: {"sk":"94d51a960fd9a4a5da790cf0aa59d8016df849f2","data":{"navigation":{"actions":{},"state":{"routeName":"EditField","key":"id-1529844705477-4"}},"editType":"0","fieldId":"FD00001"}}
[ 2018-06-24T20:51:49+08:00 ] 192.168.0.122 /plant/API/api/fieldMaster/getFieldInfo
INFO: {"userInfo":{"userCd":"10007","userName":"\u884c\u4e09","password":"gggg","telPhone":"1315656566","address":"25,55","addressName":"\u4e0a\u6d77"},"companyInfo":{"companyCd":"ZGS","userCd":"10007","currentFlag":"1","sysAuth":"R"}}
[ 2018-06-24T20:51:49+08:00 ] 192.168.0.122 /plant/API/api/fieldMaster/getFieldInfo
INFO: 99999999999999999999
[ 2018-06-24T20:51:50+08:00 ] 192.168.0.122 /plant/API/api/fieldMaster/getFieldInfo
INFO: fieldRentList>>>
[ 2018-06-24T20:51:50+08:00 ] 192.168.0.122 /plant/API/api/fieldMaster/getFieldInfo
INFO: 0
[ 2018-06-24T20:51:50+08:00 ] 192.168.0.122 /plant/API/api/fieldMaster/getFieldInfo
INFO: [ app_begin ] --START--
INFO: Run Behavior\ReadHtmlCache [ RunTime:0.000498s ]
INFO: [ app_begin ] --END-- [ RunTime:0.000837s ]
SQL: SHOW COLUMNS FROM `zwp_m_field` [ RunTime:0.006248s ]
SQL: SELECT * FROM `zwp_m_field` WHERE ( `companyCd` = 'ZGS' ) AND ( `fieldId` = 'FD00001' ) LIMIT 1   [ RunTime:0.000276s ]
SQL: SHOW COLUMNS FROM `zwp_m_field_rent` [ RunTime:0.006642s ]
SQL: SELECT * FROM `zwp_m_field_rent` WHERE ( `companyCd` = 'ZGS' ) AND ( `fieldId` = 'FD00001' )  [ RunTime:0.000273s ]

[ 2018-06-24T20:53:14+08:00 ] ::1 /plant/API/api/fieldMaster/getFieldInfo
INFO: 
[ 2018-06-24T20:53:14+08:00 ] ::1 /plant/API/api/fieldMaster/getFieldInfo
INFO: [ app_begin ] --START--
INFO: Run Behavior\ReadHtmlCache [ RunTime:0.000702s ]
INFO: [ app_begin ] --END-- [ RunTime:0.001121s ]
NOTIC: [8] unserialize(): Error at offset 0 of 141 bytes E:\phpStudy\WWW\plant\API\include\ThinkPHP\Library\Think\Cache\Driver\File.class.php 第 104 行.

[ 2018-06-24T20:59:13+08:00 ] ::1 /plant/API/api/fieldMaster/getFieldInfo
INFO: 
[ 2018-06-24T20:59:13+08:00 ] ::1 /plant/API/api/fieldMaster/getFieldInfo
INFO: [ app_begin ] --START--
INFO: Run Behavior\ReadHtmlCache [ RunTime:0.000699s ]
INFO: [ app_begin ] --END-- [ RunTime:0.001128s ]
NOTIC: [8] unserialize(): Error at offset 0 of 141 bytes E:\phpStudy\WWW\plant\API\include\ThinkPHP\Library\Think\Cache\Driver\File.class.php 第 104 行.

[ 2018-06-24T21:05:41+08:00 ] ::1 /plant/API/api/fileMaster/getFieldInfo
INFO: [ app_begin ] --START--
INFO: Run Behavior\ReadHtmlCache [ RunTime:0.000706s ]
INFO: [ app_begin ] --END-- [ RunTime:0.001127s ]
ERR: 无法加载控制器:FileMaster

[ 2018-06-24T21:06:19+08:00 ] ::1 /plant/API/api/fieldMaster/getFieldInfo
INFO: {"sk":"94d51a960fd9a4a5da790cf0aa59d8016df849f2","data":{"navigation":{"actions":{},"state":{"routeName":"EditField","key":"id-1529844705477-4"}},"editType":"0","fieldId":"FD00001"}}
[ 2018-06-24T21:06:19+08:00 ] ::1 /plant/API/api/fieldMaster/getFieldInfo
INFO: {"userInfo":{"userCd":"10007","userName":"\u884c\u4e09","password":"gggg","telPhone":"1315656566","address":"25,55","addressName":"\u4e0a\u6d77"},"companyInfo":{"companyCd":"ZGS","userCd":"10007","currentFlag":"1","sysAuth":"R"}}
[ 2018-06-24T21:06:19+08:00 ] ::1 /plant/API/api/fieldMaster/getFieldInfo
INFO: 99999999999999999999
[ 2018-06-24T21:06:20+08:00 ] ::1 /plant/API/api/fieldMaster/getFieldInfo
INFO: fieldRentList>>>
[ 2018-06-24T21:06:20+08:00 ] ::1 /plant/API/api/fieldMaster/getFieldInfo
INFO: 0
[ 2018-06-24T21:06:20+08:00 ] ::1 /plant/API/api/fieldMaster/getFieldInfo
INFO: [ app_begin ] --START--
INFO: Run Behavior\ReadHtmlCache [ RunTime:0.000694s ]
INFO: [ app_begin ] --END-- [ RunTime:0.001109s ]
SQL: SHOW COLUMNS FROM `zwp_m_field` [ RunTime:0.007136s ]
SQL: SELECT * FROM `zwp_m_field` WHERE ( `companyCd` = 'ZGS' ) AND ( `fieldId` = 'FD00001' ) LIMIT 1   [ RunTime:0.000304s ]
SQL: SHOW COLUMNS FROM `zwp_m_field_rent` [ RunTime:0.007666s ]
SQL: SELECT * FROM `zwp_m_field_rent` WHERE ( `companyCd` = 'ZGS' ) AND ( `fieldId` = 'FD00001' )  [ RunTime:0.000303s ]

[ 2018-06-24T21:07:06+08:00 ] ::1 /plant/API/api/fieldMaster/getFieldInfo
INFO: {"sk":"94d51a960fd9a4a5da790cf0aa59d8016df849f2","data":{"navigation":{"actions":{},"state":{"routeName":"EditField","key":"id-1529844705477-4"}},"editType":"0","fieldId":"FD00001"}}
[ 2018-06-24T21:07:06+08:00 ] ::1 /plant/API/api/fieldMaster/getFieldInfo
INFO: {"userInfo":{"userCd":"10007","userName":"\u884c\u4e09","password":"gggg","telPhone":"1315656566","address":"25,55","addressName":"\u4e0a\u6d77"},"companyInfo":{"companyCd":"ZGS","userCd":"10007","currentFlag":"1","sysAuth":"R"}}
[ 2018-06-24T21:07:06+08:00 ] ::1 /plant/API/api/fieldMaster/getFieldInfo
INFO: 99999999999999999999
[ 2018-06-24T21:07:07+08:00 ] ::1 /plant/API/api/fieldMaster/getFieldInfo
INFO: fieldRentList>>>
[ 2018-06-24T21:07:07+08:00 ] ::1 /plant/API/api/fieldMaster/getFieldInfo
INFO: [ app_begin ] --START--
INFO: Run Behavior\ReadHtmlCache [ RunTime:0.000491s ]
INFO: [ app_begin ] --END-- [ RunTime:0.000813s ]
SQL: SHOW COLUMNS FROM `zwp_m_field` [ RunTime:0.006163s ]
SQL: SELECT * FROM `zwp_m_field` WHERE ( `companyCd` = 'ZGS' ) AND ( `fieldId` = 'FD00001' ) LIMIT 1   [ RunTime:0.000261s ]
SQL: SHOW COLUMNS FROM `zwp_m_field_rent` [ RunTime:0.006418s ]
SQL: SELECT * FROM `zwp_m_field_rent` WHERE ( `companyCd` = 'ZGS' ) AND ( `fieldId` = 'FD00001' )  [ RunTime:0.000326s ]

[ 2018-06-24T21:07:27+08:00 ] ::1 /plant/API/api/fieldMaster/getFieldInfo
INFO: {"sk":"94d51a960fd9a4a5da790cf0aa59d8016df849f2","data":{"navigation":{"actions":{},"state":{"routeName":"EditField","key":"id-1529844705477-4"}},"editType":"0","fieldId":"FD00001"}}
[ 2018-06-24T21:07:27+08:00 ] ::1 /plant/API/api/fieldMaster/getFieldInfo
INFO: {"userInfo":{"userCd":"10007","userName":"\u884c\u4e09","password":"gggg","telPhone":"1315656566","address":"25,55","addressName":"\u4e0a\u6d77"},"companyInfo":{"companyCd":"ZGS","userCd":"10007","currentFlag":"1","sysAuth":"R"}}
[ 2018-06-24T21:07:27+08:00 ] ::1 /plant/API/api/fieldMaster/getFieldInfo
INFO: 99999999999999999999
[ 2018-06-24T21:07:28+08:00 ] ::1 /plant/API/api/fieldMaster/getFieldInfo
INFO: fieldRentList>>>
[ 2018-06-24T21:07:28+08:00 ] ::1 /plant/API/api/fieldMaster/getFieldInfo
INFO: [ app_begin ] --START--
INFO: Run Behavior\ReadHtmlCache [ RunTime:0.000496s ]
INFO: [ app_begin ] --END-- [ RunTime:0.000827s ]
SQL: SHOW COLUMNS FROM `zwp_m_field` [ RunTime:0.006278s ]
SQL: SELECT * FROM `zwp_m_field` WHERE ( `companyCd` = 'ZGS' ) AND ( `fieldId` = 'FD00001' ) LIMIT 1   [ RunTime:0.000291s ]
SQL: SHOW COLUMNS FROM `zwp_m_field_rent` [ RunTime:0.006969s ]
SQL: SELECT * FROM `zwp_m_field_rent` WHERE ( `companyCd` = 'ZGS' ) AND ( `fieldId` = 'FD00001' )  [ RunTime:0.000343s ]

[ 2018-06-24T21:07:38+08:00 ] ::1 /plant/API/api/fieldMaster/getFieldInfo
INFO: {"sk":"94d51a960fd9a4a5da790cf0aa59d8016df849f2","data":{"navigation":{"actions":{},"state":{"routeName":"EditField","key":"id-1529844705477-4"}},"editType":"0","fieldId":"FD00001"}}
[ 2018-06-24T21:07:38+08:00 ] ::1 /plant/API/api/fieldMaster/getFieldInfo
INFO: {"userInfo":{"userCd":"10007","userName":"\u884c\u4e09","password":"gggg","telPhone":"1315656566","address":"25,55","addressName":"\u4e0a\u6d77"},"companyInfo":{"companyCd":"ZGS","userCd":"10007","currentFlag":"1","sysAuth":"R"}}
[ 2018-06-24T21:07:38+08:00 ] ::1 /plant/API/api/fieldMaster/getFieldInfo
INFO: 99999999999999999999
[ 2018-06-24T21:07:39+08:00 ] ::1 /plant/API/api/fieldMaster/getFieldInfo
INFO: fieldRentList>>>
[ 2018-06-24T21:07:39+08:00 ] ::1 /plant/API/api/fieldMaster/getFieldInfo
INFO: [ app_begin ] --START--
INFO: Run Behavior\ReadHtmlCache [ RunTime:0.000500s ]
INFO: [ app_begin ] --END-- [ RunTime:0.000830s ]
SQL: SHOW COLUMNS FROM `zwp_m_field` [ RunTime:0.006102s ]
SQL: SELECT * FROM `zwp_m_field` WHERE ( `companyCd` = 'ZGS' ) AND ( `fieldId` = 'FD00001' ) LIMIT 1   [ RunTime:0.000274s ]
SQL: SHOW COLUMNS FROM `zwp_m_field_rent` [ RunTime:0.006814s ]
SQL: SELECT * FROM `zwp_m_field_rent` WHERE ( `companyCd` = 'ZGS' ) AND ( `fieldId` = 'FD00001' )  [ RunTime:0.000287s ]

[ 2018-06-24T21:07:54+08:00 ] ::1 /plant/API/api/fieldMaster/getFieldInfo
INFO: {"sk":"94d51a960fd9a4a5da790cf0aa59d8016df849f2","data":{"navigation":{"actions":{},"state":{"routeName":"EditField","key":"id-1529844705477-4"}},"editType":"0","fieldId":"FD00001"}}
[ 2018-06-24T21:07:54+08:00 ] ::1 /plant/API/api/fieldMaster/getFieldInfo
INFO: {"userInfo":{"userCd":"10007","userName":"\u884c\u4e09","password":"gggg","telPhone":"1315656566","address":"25,55","addressName":"\u4e0a\u6d77"},"companyInfo":{"companyCd":"ZGS","userCd":"10007","currentFlag":"1","sysAuth":"R"}}
[ 2018-06-24T21:07:54+08:00 ] ::1 /plant/API/api/fieldMaster/getFieldInfo
INFO: 99999999999999999999
[ 2018-06-24T21:07:55+08:00 ] ::1 /plant/API/api/fieldMaster/getFieldInfo
INFO: fieldRentList>>>
[ 2018-06-24T21:07:55+08:00 ] ::1 /plant/API/api/fieldMaster/getFieldInfo
INFO: 0
[ 2018-06-24T21:07:55+08:00 ] ::1 /plant/API/api/fieldMaster/getFieldInfo
INFO: [ app_begin ] --START--
INFO: Run Behavior\ReadHtmlCache [ RunTime:0.000679s ]
INFO: [ app_begin ] --END-- [ RunTime:0.001064s ]
SQL: SHOW COLUMNS FROM `zwp_m_field` [ RunTime:0.006016s ]
SQL: SELECT * FROM `zwp_m_field` WHERE ( `companyCd` = 'ZGS' ) AND ( `fieldId` = 'FD00001' ) LIMIT 1   [ RunTime:0.000255s ]
SQL: SHOW COLUMNS FROM `zwp_m_field_rent` [ RunTime:0.007224s ]
SQL: SELECT * FROM `zwp_m_field_rent` WHERE ( `companyCd` = 'ZGS' ) AND ( `fieldId` = 'FD00001' )  [ RunTime:0.000289s ]

[ 2018-06-24T21:08:14+08:00 ] ::1 /plant/API/api/fieldMaster/getFieldInfo
INFO: {"sk":"94d51a960fd9a4a5da790cf0aa59d8016df849f2","data":{"navigation":{"actions":{},"state":{"routeName":"EditField","key":"id-1529844705477-4"}},"editType":"0","fieldId":"FD00001"}}
[ 2018-06-24T21:08:14+08:00 ] ::1 /plant/API/api/fieldMaster/getFieldInfo
INFO: {"userInfo":{"userCd":"10007","userName":"\u884c\u4e09","password":"gggg","telPhone":"1315656566","address":"25,55","addressName":"\u4e0a\u6d77"},"companyInfo":{"companyCd":"ZGS","userCd":"10007","currentFlag":"1","sysAuth":"R"}}
[ 2018-06-24T21:08:14+08:00 ] ::1 /plant/API/api/fieldMaster/getFieldInfo
INFO: 99999999999999999999
[ 2018-06-24T21:08:15+08:00 ] ::1 /plant/API/api/fieldMaster/getFieldInfo
INFO: fieldRentList>>>
[ 2018-06-24T21:08:15+08:00 ] ::1 /plant/API/api/fieldMaster/getFieldInfo
INFO: 0
[ 2018-06-24T21:08:15+08:00 ] ::1 /plant/API/api/fieldMaster/getFieldInfo
INFO: [ app_begin ] --START--
INFO: Run Behavior\ReadHtmlCache [ RunTime:0.000492s ]
INFO: [ app_begin ] --END-- [ RunTime:0.000812s ]
SQL: SHOW COLUMNS FROM `zwp_m_field` [ RunTime:0.006394s ]
SQL: SELECT * FROM `zwp_m_field` WHERE ( `companyCd` = 'ZGS' ) AND ( `fieldId` = 'FD00001' ) LIMIT 1   [ RunTime:0.000295s ]
SQL: SHOW COLUMNS FROM `zwp_m_field_rent` [ RunTime:0.006596s ]
SQL: SELECT * FROM `zwp_m_field_rent` WHERE ( `companyCd` = 'ZGS' ) AND ( `fieldId` = 'FD00001' )  [ RunTime:0.000303s ]

[ 2018-06-24T21:08:43+08:00 ] ::1 /plant/API/api/fieldMaster/getFieldInfo
INFO: {"sk":"94d51a960fd9a4a5da790cf0aa59d8016df849f2","data":{"navigation":{"actions":{},"state":{"routeName":"EditField","key":"id-1529844705477-4"}},"editType":"0","fieldId":"FD00001"}}
[ 2018-06-24T21:08:43+08:00 ] ::1 /plant/API/api/fieldMaster/getFieldInfo
INFO: {"userInfo":{"userCd":"10007","userName":"\u884c\u4e09","password":"gggg","telPhone":"1315656566","address":"25,55","addressName":"\u4e0a\u6d77"},"companyInfo":{"companyCd":"ZGS","userCd":"10007","currentFlag":"1","sysAuth":"R"}}
[ 2018-06-24T21:08:43+08:00 ] ::1 /plant/API/api/fieldMaster/getFieldInfo
INFO: 99999999999999999999
[ 2018-06-24T21:08:44+08:00 ] ::1 /plant/API/api/fieldMaster/getFieldInfo
INFO: fieldRentList>>>
[ 2018-06-24T21:08:44+08:00 ] ::1 /plant/API/api/fieldMaster/getFieldInfo
INFO: 1
[ 2018-06-24T21:08:44+08:00 ] ::1 /plant/API/api/fieldMaster/getFieldInfo
INFO: [ app_begin ] --START--
INFO: Run Behavior\ReadHtmlCache [ RunTime:0.000499s ]
INFO: [ app_begin ] --END-- [ RunTime:0.000834s ]
SQL: SHOW COLUMNS FROM `zwp_m_field` [ RunTime:0.006597s ]
SQL: SELECT * FROM `zwp_m_field` WHERE ( `companyCd` = 'ZGS' ) AND ( `fieldId` = 'FD00001' ) LIMIT 1   [ RunTime:0.000294s ]
SQL: SHOW COLUMNS FROM `zwp_m_field_rent` [ RunTime:0.007329s ]
SQL: SELECT * FROM `zwp_m_field_rent` WHERE ( `companyCd` = 'ZGS' ) AND ( `fieldId` = 'FD00001' )  [ RunTime:0.000334s ]
SQL: SHOW COLUMNS FROM `zwp_t_file` [ RunTime:0.038520s ]
SQL: SELECT * FROM `zwp_t_file` WHERE ( `companyCd` = 'ZGS' ) AND ( `fileGroupId` = 'FG00001' )  [ RunTime:0.000380s ]

[ 2018-06-24T21:09:24+08:00 ] ::1 /plant/API/api/fieldMaster/getFieldInfo
INFO: {"sk":"94d51a960fd9a4a5da790cf0aa59d8016df849f2","data":{"navigation":{"actions":{},"state":{"routeName":"EditField","key":"id-1529844705477-4"}},"editType":"0","fieldId":"FD00001"}}
[ 2018-06-24T21:09:24+08:00 ] ::1 /plant/API/api/fieldMaster/getFieldInfo
INFO: {"userInfo":{"userCd":"10007","userName":"\u884c\u4e09","password":"gggg","telPhone":"1315656566","address":"25,55","addressName":"\u4e0a\u6d77"},"companyInfo":{"companyCd":"ZGS","userCd":"10007","currentFlag":"1","sysAuth":"R"}}
[ 2018-06-24T21:09:24+08:00 ] ::1 /plant/API/api/fieldMaster/getFieldInfo
INFO: 99999999999999999999
[ 2018-06-24T21:09:25+08:00 ] ::1 /plant/API/api/fieldMaster/getFieldInfo
INFO: fieldRentList>>>
[ 2018-06-24T21:09:25+08:00 ] ::1 /plant/API/api/fieldMaster/getFieldInfo
INFO: 1
[ 2018-06-24T21:09:25+08:00 ] ::1 /plant/API/api/fieldMaster/getFieldInfo
INFO: 0
[ 2018-06-24T21:09:25+08:00 ] ::1 /plant/API/api/fieldMaster/getFieldInfo
INFO: [ app_begin ] --START--
INFO: Run Behavior\ReadHtmlCache [ RunTime:0.000723s ]
INFO: [ app_begin ] --END-- [ RunTime:0.001187s ]
SQL: SHOW COLUMNS FROM `zwp_m_field` [ RunTime:0.006070s ]
SQL: SELECT * FROM `zwp_m_field` WHERE ( `companyCd` = 'ZGS' ) AND ( `fieldId` = 'FD00001' ) LIMIT 1   [ RunTime:0.000251s ]
SQL: SHOW COLUMNS FROM `zwp_m_field_rent` [ RunTime:0.006895s ]
SQL: SELECT * FROM `zwp_m_field_rent` WHERE ( `companyCd` = 'ZGS' ) AND ( `fieldId` = 'FD00001' )  [ RunTime:0.000318s ]
SQL: SHOW COLUMNS FROM `zwp_t_file` [ RunTime:0.010190s ]
SQL: SELECT * FROM `zwp_t_file` WHERE ( `companyCd` = 'ZGS' ) AND ( `fileGroupId` = 'FG00001' )  [ RunTime:0.000333s ]

[ 2018-06-24T21:11:02+08:00 ] ::1 /plant/API/api/fieldMaster/getFieldInfo
INFO: {"sk":"94d51a960fd9a4a5da790cf0aa59d8016df849f2","data":{"navigation":{"actions":{},"state":{"routeName":"EditField","key":"id-1529844705477-4"}},"editType":"0","fieldId":"FD00001"}}
[ 2018-06-24T21:11:02+08:00 ] ::1 /plant/API/api/fieldMaster/getFieldInfo
INFO: {"userInfo":{"userCd":"10007","userName":"\u884c\u4e09","password":"gggg","telPhone":"1315656566","address":"25,55","addressName":"\u4e0a\u6d77"},"companyInfo":{"companyCd":"ZGS","userCd":"10007","currentFlag":"1","sysAuth":"R"}}
[ 2018-06-24T21:11:02+08:00 ] ::1 /plant/API/api/fieldMaster/getFieldInfo
INFO: 99999999999999999999
[ 2018-06-24T21:11:03+08:00 ] ::1 /plant/API/api/fieldMaster/getFieldInfo
INFO: fieldRentList>>>
[ 2018-06-24T21:11:03+08:00 ] ::1 /plant/API/api/fieldMaster/getFieldInfo
INFO: 0
[ 2018-06-24T21:11:03+08:00 ] ::1 /plant/API/api/fieldMaster/getFieldInfo
INFO: [ app_begin ] --START--
INFO: Run Behavior\ReadHtmlCache [ RunTime:0.000780s ]
INFO: [ app_begin ] --END-- [ RunTime:0.001213s ]
SQL: SHOW COLUMNS FROM `zwp_m_field` [ RunTime:0.006278s ]
SQL: SELECT * FROM `zwp_m_field` WHERE ( `companyCd` = 'ZGS' ) AND ( `fieldId` = 'FD00001' ) LIMIT 1   [ RunTime:0.000286s ]
SQL: SHOW COLUMNS FROM `zwp_m_field_rent` [ RunTime:0.007468s ]
SQL: SELECT * FROM `zwp_m_field_rent` WHERE ( `companyCd` = 'ZGS' ) AND ( `fieldId` = 'FD00001' )  [ RunTime:0.000273s ]

[ 2018-06-24T21:11:20+08:00 ] 192.168.0.122 /plant/API/api/fieldMaster/getFieldInfo
INFO: {"sk":"94d51a960fd9a4a5da790cf0aa59d8016df849f2","data":{"navigation":{"actions":{},"state":{"routeName":"EditField","key":"id-1529844705477-5"}},"editType":"0","fieldId":"FD00001"}}
[ 2018-06-24T21:11:20+08:00 ] 192.168.0.122 /plant/API/api/fieldMaster/getFieldInfo
INFO: {"userInfo":{"userCd":"10007","userName":"\u884c\u4e09","password":"gggg","telPhone":"1315656566","address":"25,55","addressName":"\u4e0a\u6d77"},"companyInfo":{"companyCd":"ZGS","userCd":"10007","currentFlag":"1","sysAuth":"R"}}
[ 2018-06-24T21:11:20+08:00 ] 192.168.0.122 /plant/API/api/fieldMaster/getFieldInfo
INFO: 99999999999999999999
[ 2018-06-24T21:11:21+08:00 ] 192.168.0.122 /plant/API/api/fieldMaster/getFieldInfo
INFO: fieldRentList>>>
[ 2018-06-24T21:11:21+08:00 ] 192.168.0.122 /plant/API/api/fieldMaster/getFieldInfo
INFO: 0
[ 2018-06-24T21:11:21+08:00 ] 192.168.0.122 /plant/API/api/fieldMaster/getFieldInfo
INFO: [ app_begin ] --START--
INFO: Run Behavior\ReadHtmlCache [ RunTime:0.000510s ]
INFO: [ app_begin ] --END-- [ RunTime:0.000860s ]
SQL: SHOW COLUMNS FROM `zwp_m_field` [ RunTime:0.006415s ]
SQL: SELECT * FROM `zwp_m_field` WHERE ( `companyCd` = 'ZGS' ) AND ( `fieldId` = 'FD00001' ) LIMIT 1   [ RunTime:0.000287s ]
SQL: SHOW COLUMNS FROM `zwp_m_field_rent` [ RunTime:0.006196s ]
SQL: SELECT * FROM `zwp_m_field_rent` WHERE ( `companyCd` = 'ZGS' ) AND ( `fieldId` = 'FD00001' )  [ RunTime:0.000304s ]

[ 2018-06-24T21:11:29+08:00 ] 192.168.0.122 /plant/API/api/fieldMaster/getFieldInfo
INFO: {"sk":"94d51a960fd9a4a5da790cf0aa59d8016df849f2","data":{"navigation":{"actions":{},"state":{"routeName":"EditField","key":"id-1529844705477-6"}},"editType":"0","fieldId":"FD00001"}}
[ 2018-06-24T21:11:29+08:00 ] 192.168.0.122 /plant/API/api/fieldMaster/getFieldInfo
INFO: {"userInfo":{"userCd":"10007","userName":"\u884c\u4e09","password":"gggg","telPhone":"1315656566","address":"25,55","addressName":"\u4e0a\u6d77"},"companyInfo":{"companyCd":"ZGS","userCd":"10007","currentFlag":"1","sysAuth":"R"}}
[ 2018-06-24T21:11:29+08:00 ] 192.168.0.122 /plant/API/api/fieldMaster/getFieldInfo
INFO: 99999999999999999999
[ 2018-06-24T21:11:30+08:00 ] 192.168.0.122 /plant/API/api/fieldMaster/getFieldInfo
INFO: fieldRentList>>>
[ 2018-06-24T21:11:30+08:00 ] 192.168.0.122 /plant/API/api/fieldMaster/getFieldInfo
INFO: 0
[ 2018-06-24T21:11:30+08:00 ] 192.168.0.122 /plant/API/api/fieldMaster/getFieldInfo
INFO: [ app_begin ] --START--
INFO: Run Behavior\ReadHtmlCache [ RunTime:0.000533s ]
INFO: [ app_begin ] --END-- [ RunTime:0.000898s ]
SQL: SHOW COLUMNS FROM `zwp_m_field` [ RunTime:0.006210s ]
SQL: SELECT * FROM `zwp_m_field` WHERE ( `companyCd` = 'ZGS' ) AND ( `fieldId` = 'FD00001' ) LIMIT 1   [ RunTime:0.000285s ]
SQL: SHOW COLUMNS FROM `zwp_m_field_rent` [ RunTime:0.006969s ]
SQL: SELECT * FROM `zwp_m_field_rent` WHERE ( `companyCd` = 'ZGS' ) AND ( `fieldId` = 'FD00001' )  [ RunTime:0.000321s ]

[ 2018-06-24T21:11:53+08:00 ] 192.168.0.122 /plant/API/api/fieldMaster/getFieldInfo
INFO: {"sk":"94d51a960fd9a4a5da790cf0aa59d8016df849f2","data":{"navigation":{"actions":{},"state":{"routeName":"EditField","key":"id-1529844705477-7"}},"editType":"0","fieldId":"FD00001"}}
[ 2018-06-24T21:11:53+08:00 ] 192.168.0.122 /plant/API/api/fieldMaster/getFieldInfo
INFO: {"userInfo":{"userCd":"10007","userName":"\u884c\u4e09","password":"gggg","telPhone":"1315656566","address":"25,55","addressName":"\u4e0a\u6d77"},"companyInfo":{"companyCd":"ZGS","userCd":"10007","currentFlag":"1","sysAuth":"R"}}
[ 2018-06-24T21:11:53+08:00 ] 192.168.0.122 /plant/API/api/fieldMaster/getFieldInfo
INFO: 99999999999999999999
[ 2018-06-24T21:11:54+08:00 ] 192.168.0.122 /plant/API/api/fieldMaster/getFieldInfo
INFO: fieldRentList>>>
[ 2018-06-24T21:11:54+08:00 ] 192.168.0.122 /plant/API/api/fieldMaster/getFieldInfo
INFO: 1
[ 2018-06-24T21:11:54+08:00 ] 192.168.0.122 /plant/API/api/fieldMaster/getFieldInfo
INFO: 0
[ 2018-06-24T21:11:54+08:00 ] 192.168.0.122 /plant/API/api/fieldMaster/getFieldInfo
INFO: [ app_begin ] --START--
INFO: Run Behavior\ReadHtmlCache [ RunTime:0.000511s ]
INFO: [ app_begin ] --END-- [ RunTime:0.000859s ]
SQL: SHOW COLUMNS FROM `zwp_m_field` [ RunTime:0.006089s ]
SQL: SELECT * FROM `zwp_m_field` WHERE ( `companyCd` = 'ZGS' ) AND ( `fieldId` = 'FD00001' ) LIMIT 1   [ RunTime:0.000252s ]
SQL: SHOW COLUMNS FROM `zwp_m_field_rent` [ RunTime:0.006467s ]
SQL: SELECT * FROM `zwp_m_field_rent` WHERE ( `companyCd` = 'ZGS' ) AND ( `fieldId` = 'FD00001' )  [ RunTime:0.000281s ]
SQL: SHOW COLUMNS FROM `zwp_t_file` [ RunTime:0.006939s ]
SQL: SELECT * FROM `zwp_t_file` WHERE ( `companyCd` = 'ZGS' ) AND ( `fileGroupId` = 'FG00001' )  [ RunTime:0.000332s ]

[ 2018-06-24T21:13:22+08:00 ] ::1 /plant/API/api/fieldMaster/getFieldInfo
INFO: {"sk":"94d51a960fd9a4a5da790cf0aa59d8016df849f2","data":{"navigation":{"actions":{},"state":{"routeName":"EditField","key":"id-1529844705477-4"}},"editType":"0","fieldId":"FD00001"}}
[ 2018-06-24T21:13:22+08:00 ] ::1 /plant/API/api/fieldMaster/getFieldInfo
INFO: {"userInfo":{"userCd":"10007","userName":"\u884c\u4e09","password":"gggg","telPhone":"1315656566","address":"25,55","addressName":"\u4e0a\u6d77"},"companyInfo":{"companyCd":"ZGS","userCd":"10007","currentFlag":"1","sysAuth":"R"}}
[ 2018-06-24T21:13:22+08:00 ] ::1 /plant/API/api/fieldMaster/getFieldInfo
INFO: 99999999999999999999
[ 2018-06-24T21:13:23+08:00 ] ::1 /plant/API/api/fieldMaster/getFieldInfo
INFO: fieldRentList>>>
[ 2018-06-24T21:13:23+08:00 ] ::1 /plant/API/api/fieldMaster/getFieldInfo
INFO: 0
[ 2018-06-24T21:13:23+08:00 ] ::1 /plant/API/api/fieldMaster/getFieldInfo
INFO: [ app_begin ] --START--
INFO: Run Behavior\ReadHtmlCache [ RunTime:0.000686s ]
INFO: [ app_begin ] --END-- [ RunTime:0.001072s ]
SQL: SHOW COLUMNS FROM `zwp_m_field` [ RunTime:0.006201s ]
SQL: SELECT * FROM `zwp_m_field` WHERE ( `companyCd` = 'ZGS' ) AND ( `fieldId` = 'FD00001' ) LIMIT 1   [ RunTime:0.000288s ]
SQL: SHOW COLUMNS FROM `zwp_m_field_rent` [ RunTime:0.006363s ]
SQL: SELECT * FROM `zwp_m_field_rent` WHERE ( `companyCd` = 'ZGS' ) AND ( `fieldId` = 'FD00001' )  [ RunTime:0.000274s ]
SQL: SHOW COLUMNS FROM `zwp_t_file` [ RunTime:0.006833s ]
SQL: SELECT * FROM `zwp_t_file` WHERE ( `companyCd` = 'ZGS' ) AND ( `fileGroupId` = 'FG00001' )  [ RunTime:0.000273s ]

[ 2018-06-24T21:14:41+08:00 ] ::1 /plant/API/api/fieldMaster/getFieldInfo
INFO: {"sk":"94d51a960fd9a4a5da790cf0aa59d8016df849f2","data":{"navigation":{"actions":{},"state":{"routeName":"EditField","key":"id-1529844705477-4"}},"editType":"0","fieldId":"FD00001"}}
[ 2018-06-24T21:14:41+08:00 ] ::1 /plant/API/api/fieldMaster/getFieldInfo
INFO: {"userInfo":{"userCd":"10007","userName":"\u884c\u4e09","password":"gggg","telPhone":"1315656566","address":"25,55","addressName":"\u4e0a\u6d77"},"companyInfo":{"companyCd":"ZGS","userCd":"10007","currentFlag":"1","sysAuth":"R"}}
[ 2018-06-24T21:14:41+08:00 ] ::1 /plant/API/api/fieldMaster/getFieldInfo
INFO: 99999999999999999999
[ 2018-06-24T21:14:42+08:00 ] ::1 /plant/API/api/fieldMaster/getFieldInfo
INFO: fieldRentList>>>
[ 2018-06-24T21:14:42+08:00 ] ::1 /plant/API/api/fieldMaster/getFieldInfo
INFO: [ app_begin ] --START--
INFO: Run Behavior\ReadHtmlCache [ RunTime:0.000561s ]
INFO: [ app_begin ] --END-- [ RunTime:0.000932s ]
SQL: SHOW COLUMNS FROM `zwp_m_field` [ RunTime:0.006206s ]
SQL: SELECT * FROM `zwp_m_field` WHERE ( `companyCd` = 'ZGS' ) AND ( `fieldId` = 'FD00001' ) LIMIT 1   [ RunTime:0.000268s ]
SQL: SHOW COLUMNS FROM `zwp_m_field_rent` [ RunTime:0.006461s ]
SQL: SELECT * FROM `zwp_m_field_rent` WHERE ( `companyCd` = 'ZGS' ) AND ( `fieldId` = 'FD00001' )  [ RunTime:0.000274s ]
SQL: SHOW COLUMNS FROM `zwp_t_file` [ RunTime:0.009721s ]
SQL: SELECT * FROM `zwp_t_file` WHERE ( `companyCd` = 'ZGS' ) AND ( `fileGroupId` = 'FG00001' )  [ RunTime:0.000271s ]

[ 2018-06-24T21:15:43+08:00 ] ::1 /plant/API/api/fieldMaster/getFieldInfo
INFO: {"sk":"94d51a960fd9a4a5da790cf0aa59d8016df849f2","data":{"navigation":{"actions":{},"state":{"routeName":"EditField","key":"id-1529844705477-4"}},"editType":"0","fieldId":"FD00001"}}
[ 2018-06-24T21:15:43+08:00 ] ::1 /plant/API/api/fieldMaster/getFieldInfo
INFO: {"userInfo":{"userCd":"10007","userName":"\u884c\u4e09","password":"gggg","telPhone":"1315656566","address":"25,55","addressName":"\u4e0a\u6d77"},"companyInfo":{"companyCd":"ZGS","userCd":"10007","currentFlag":"1","sysAuth":"R"}}
[ 2018-06-24T21:15:43+08:00 ] ::1 /plant/API/api/fieldMaster/getFieldInfo
INFO: 99999999999999999999
[ 2018-06-24T21:15:44+08:00 ] ::1 /plant/API/api/fieldMaster/getFieldInfo
INFO: fieldRentList>>>
[ 2018-06-24T21:15:44+08:00 ] ::1 /plant/API/api/fieldMaster/getFieldInfo
INFO: 0
[ 2018-06-24T21:15:44+08:00 ] ::1 /plant/API/api/fieldMaster/getFieldInfo
INFO: [ app_begin ] --START--
INFO: Run Behavior\ReadHtmlCache [ RunTime:0.001027s ]
INFO: [ app_begin ] --END-- [ RunTime:0.001583s ]
SQL: SHOW COLUMNS FROM `zwp_m_field` [ RunTime:0.010734s ]
SQL: SELECT * FROM `zwp_m_field` WHERE ( `companyCd` = 'ZGS' ) AND ( `fieldId` = 'FD00001' ) LIMIT 1   [ RunTime:0.000281s ]
SQL: SHOW COLUMNS FROM `zwp_m_field_rent` [ RunTime:0.006676s ]
SQL: SELECT * FROM `zwp_m_field_rent` WHERE ( `companyCd` = 'ZGS' ) AND ( `fieldId` = 'FD00001' )  [ RunTime:0.000288s ]
SQL: SHOW COLUMNS FROM `zwp_t_file` [ RunTime:0.006685s ]
SQL: SELECT * FROM `zwp_t_file` WHERE ( `companyCd` = 'ZGS' ) AND ( `fileGroupId` = 'FG00001' )  [ RunTime:0.000279s ]

[ 2018-06-24T21:16:04+08:00 ] 192.168.0.122 /plant/API/api/user/login
INFO: {"userCd":"10007","password":"gggg"}
[ 2018-06-24T21:16:05+08:00 ] 192.168.0.122 /plant/API/api/user/login
INFO: {"code":"1000","msg":"\u767b\u5f55\u6210\u529f\uff01","data":{"user":{"userCd":"10007","userName":"\u884c\u4e09","password":"gggg","telPhone":"1315656566","address":"25,55","addressName":"\u4e0a\u6d77"},"loginCompanyInfo":{"companyCd":"ZGS","userCd":"10007","currentFlag":"1","sysAuth":"R"},"sk":"a7ad6f0457e725e7ad5f7f5ac0da4ab82198f316"}}
[ 2018-06-24T21:16:05+08:00 ] 192.168.0.122 /plant/API/api/user/login
INFO: [ app_begin ] --START--
INFO: Run Behavior\ReadHtmlCache [ RunTime:0.000562s ]
INFO: [ app_begin ] --END-- [ RunTime:0.000919s ]
SQL: SHOW COLUMNS FROM `zwp_sys_user` [ RunTime:0.007050s ]
SQL: SELECT * FROM `zwp_sys_user` WHERE ( `userCd` = '10007' ) LIMIT 1   [ RunTime:0.000300s ]
SQL: SHOW COLUMNS FROM `zwp_sys_company_user_map` [ RunTime:0.007879s ]
SQL: SELECT * FROM `zwp_sys_company_user_map` WHERE ( `userCd` = '10007' ) AND ( `currentFlag` = 1 ) LIMIT 1   [ RunTime:0.000250s ]

[ 2018-06-24T21:16:08+08:00 ] 192.168.0.122 /plant/API/api/fieldMaster/getFieldInfo
INFO: {"sk":"a7ad6f0457e725e7ad5f7f5ac0da4ab82198f316","data":{"navigation":{"actions":{},"state":{"routeName":"EditField","key":"id-1529844705477-12"}},"editType":"0","fieldId":"FD00001"}}
[ 2018-06-24T21:16:08+08:00 ] 192.168.0.122 /plant/API/api/fieldMaster/getFieldInfo
INFO: {"userInfo":{"userCd":"10007","userName":"\u884c\u4e09","password":"gggg","telPhone":"1315656566","address":"25,55","addressName":"\u4e0a\u6d77"},"companyInfo":{"companyCd":"ZGS","userCd":"10007","currentFlag":"1","sysAuth":"R"}}
[ 2018-06-24T21:16:08+08:00 ] 192.168.0.122 /plant/API/api/fieldMaster/getFieldInfo
INFO: 99999999999999999999
[ 2018-06-24T21:16:09+08:00 ] 192.168.0.122 /plant/API/api/fieldMaster/getFieldInfo
INFO: fieldRentList>>>
[ 2018-06-24T21:16:09+08:00 ] 192.168.0.122 /plant/API/api/fieldMaster/getFieldInfo
INFO: 0
[ 2018-06-24T21:16:09+08:00 ] 192.168.0.122 /plant/API/api/fieldMaster/getFieldInfo
INFO: [ app_begin ] --START--
INFO: Run Behavior\ReadHtmlCache [ RunTime:0.000500s ]
INFO: [ app_begin ] --END-- [ RunTime:0.000844s ]
SQL: SHOW COLUMNS FROM `zwp_m_field` [ RunTime:0.008842s ]
SQL: SELECT * FROM `zwp_m_field` WHERE ( `companyCd` = 'ZGS' ) AND ( `fieldId` = 'FD00001' ) LIMIT 1   [ RunTime:0.000328s ]
SQL: SHOW COLUMNS FROM `zwp_m_field_rent` [ RunTime:0.006770s ]
SQL: SELECT * FROM `zwp_m_field_rent` WHERE ( `companyCd` = 'ZGS' ) AND ( `fieldId` = 'FD00001' )  [ RunTime:0.000302s ]
SQL: SHOW COLUMNS FROM `zwp_t_file` [ RunTime:0.006377s ]
SQL: SELECT * FROM `zwp_t_file` WHERE ( `companyCd` = 'ZGS' ) AND ( `fileGroupId` = 'FG00001' )  [ RunTime:0.000305s ]

[ 2018-06-24T21:29:52+08:00 ] 192.168.0.122 /plant/API/api/user/login
INFO: {"userCd":"10007","password":"gggg"}
[ 2018-06-24T21:29:53+08:00 ] 192.168.0.122 /plant/API/api/user/login
INFO: {"code":"1000","msg":"\u767b\u5f55\u6210\u529f\uff01","data":{"user":{"userCd":"10007","userName":"\u884c\u4e09","password":"gggg","telPhone":"1315656566","address":"25,55","addressName":"\u4e0a\u6d77"},"loginCompanyInfo":{"companyCd":"ZGS","userCd":"10007","currentFlag":"1","sysAuth":"R"},"sk":"d366273d4b30b75af51733838a39a46357344e8a"}}
[ 2018-06-24T21:29:53+08:00 ] 192.168.0.122 /plant/API/api/user/login
INFO: [ app_begin ] --START--
INFO: Run Behavior\ReadHtmlCache [ RunTime:0.000697s ]
INFO: [ app_begin ] --END-- [ RunTime:0.001142s ]
SQL: SHOW COLUMNS FROM `zwp_sys_user` [ RunTime:0.006800s ]
SQL: SELECT * FROM `zwp_sys_user` WHERE ( `userCd` = '10007' ) LIMIT 1   [ RunTime:0.000262s ]
SQL: SHOW COLUMNS FROM `zwp_sys_company_user_map` [ RunTime:0.010249s ]
SQL: SELECT * FROM `zwp_sys_company_user_map` WHERE ( `userCd` = '10007' ) AND ( `currentFlag` = 1 ) LIMIT 1   [ RunTime:0.000239s ]

[ 2018-06-24T21:29:55+08:00 ] 192.168.0.122 /plant/API/api/fieldMaster/getFieldInfo
INFO: {"sk":"d366273d4b30b75af51733838a39a46357344e8a","data":{"navigation":{"actions":{},"state":{"routeName":"EditField","key":"id-1529846992550-4"}},"editType":"0","fieldId":"FD00001"}}
[ 2018-06-24T21:29:55+08:00 ] 192.168.0.122 /plant/API/api/fieldMaster/getFieldInfo
INFO: {"userInfo":{"userCd":"10007","userName":"\u884c\u4e09","password":"gggg","telPhone":"1315656566","address":"25,55","addressName":"\u4e0a\u6d77"},"companyInfo":{"companyCd":"ZGS","userCd":"10007","currentFlag":"1","sysAuth":"R"}}
[ 2018-06-24T21:29:55+08:00 ] 192.168.0.122 /plant/API/api/fieldMaster/getFieldInfo
INFO: 99999999999999999999
[ 2018-06-24T21:29:56+08:00 ] 192.168.0.122 /plant/API/api/fieldMaster/getFieldInfo
INFO: fieldRentList>>>
[ 2018-06-24T21:29:56+08:00 ] 192.168.0.122 /plant/API/api/fieldMaster/getFieldInfo
INFO: 0
[ 2018-06-24T21:29:56+08:00 ] 192.168.0.122 /plant/API/api/fieldMaster/getFieldInfo
INFO: [ app_begin ] --START--
INFO: Run Behavior\ReadHtmlCache [ RunTime:0.000492s ]
INFO: [ app_begin ] --END-- [ RunTime:0.000849s ]
SQL: SHOW COLUMNS FROM `zwp_m_field` [ RunTime:0.006743s ]
SQL: SELECT * FROM `zwp_m_field` WHERE ( `companyCd` = 'ZGS' ) AND ( `fieldId` = 'FD00001' ) LIMIT 1   [ RunTime:0.000270s ]
SQL: SHOW COLUMNS FROM `zwp_m_field_rent` [ RunTime:0.007136s ]
SQL: SELECT * FROM `zwp_m_field_rent` WHERE ( `companyCd` = 'ZGS' ) AND ( `fieldId` = 'FD00001' )  [ RunTime:0.000298s ]
SQL: SHOW COLUMNS FROM `zwp_t_file` [ RunTime:0.007019s ]
SQL: SELECT * FROM `zwp_t_file` WHERE ( `companyCd` = 'ZGS' ) AND ( `fileGroupId` = 'FG00001' )  [ RunTime:0.000291s ]

[ 2018-06-24T21:31:42+08:00 ] 192.168.0.122 /plant/API/api/user/login
INFO: {"userCd":"10007","password":"gggg"}
[ 2018-06-24T21:31:43+08:00 ] 192.168.0.122 /plant/API/api/user/login
INFO: {"code":"1000","msg":"\u767b\u5f55\u6210\u529f\uff01","data":{"user":{"userCd":"10007","userName":"\u884c\u4e09","password":"gggg","telPhone":"1315656566","address":"25,55","addressName":"\u4e0a\u6d77"},"loginCompanyInfo":{"companyCd":"ZGS","userCd":"10007","currentFlag":"1","sysAuth":"R"},"sk":"950a5841d3736700ce84cf52cc8e684608f23049"}}
[ 2018-06-24T21:31:43+08:00 ] 192.168.0.122 /plant/API/api/user/login
INFO: [ app_begin ] --START--
INFO: Run Behavior\ReadHtmlCache [ RunTime:0.000500s ]
INFO: [ app_begin ] --END-- [ RunTime:0.000846s ]
SQL: SHOW COLUMNS FROM `zwp_sys_user` [ RunTime:0.006419s ]
SQL: SELECT * FROM `zwp_sys_user` WHERE ( `userCd` = '10007' ) LIMIT 1   [ RunTime:0.000267s ]
SQL: SHOW COLUMNS FROM `zwp_sys_company_user_map` [ RunTime:0.008195s ]
SQL: SELECT * FROM `zwp_sys_company_user_map` WHERE ( `userCd` = '10007' ) AND ( `currentFlag` = 1 ) LIMIT 1   [ RunTime:0.000358s ]

[ 2018-06-24T21:31:45+08:00 ] 192.168.0.122 /plant/API/api/fieldMaster/getFieldInfo
INFO: {"sk":"950a5841d3736700ce84cf52cc8e684608f23049","data":{"navigation":{"actions":{},"state":{"routeName":"EditField","key":"id-1529847102766-4"}},"editType":"0","fieldId":"FD00001"}}
[ 2018-06-24T21:31:45+08:00 ] 192.168.0.122 /plant/API/api/fieldMaster/getFieldInfo
INFO: {"userInfo":{"userCd":"10007","userName":"\u884c\u4e09","password":"gggg","telPhone":"1315656566","address":"25,55","addressName":"\u4e0a\u6d77"},"companyInfo":{"companyCd":"ZGS","userCd":"10007","currentFlag":"1","sysAuth":"R"}}
[ 2018-06-24T21:31:45+08:00 ] 192.168.0.122 /plant/API/api/fieldMaster/getFieldInfo
INFO: 99999999999999999999
[ 2018-06-24T21:31:46+08:00 ] 192.168.0.122 /plant/API/api/fieldMaster/getFieldInfo
INFO: fieldRentList>>>
[ 2018-06-24T21:31:46+08:00 ] 192.168.0.122 /plant/API/api/fieldMaster/getFieldInfo
INFO: 0
[ 2018-06-24T21:31:46+08:00 ] 192.168.0.122 /plant/API/api/fieldMaster/getFieldInfo
INFO: [ app_begin ] --START--
INFO: Run Behavior\ReadHtmlCache [ RunTime:0.000510s ]
INFO: [ app_begin ] --END-- [ RunTime:0.000872s ]
SQL: SHOW COLUMNS FROM `zwp_m_field` [ RunTime:0.006316s ]
SQL: SELECT * FROM `zwp_m_field` WHERE ( `companyCd` = 'ZGS' ) AND ( `fieldId` = 'FD00001' ) LIMIT 1   [ RunTime:0.000250s ]
SQL: SHOW COLUMNS FROM `zwp_m_field_rent` [ RunTime:0.007164s ]
SQL: SELECT * FROM `zwp_m_field_rent` WHERE ( `companyCd` = 'ZGS' ) AND ( `fieldId` = 'FD00001' )  [ RunTime:0.000267s ]
SQL: SHOW COLUMNS FROM `zwp_t_file` [ RunTime:0.006449s ]
SQL: SELECT * FROM `zwp_t_file` WHERE ( `companyCd` = 'ZGS' ) AND ( `fileGroupId` = 'FG00001' )  [ RunTime:0.000264s ]

[ 2018-06-24T21:34:23+08:00 ] 192.168.0.122 /plant/API/api/user/login
INFO: {"userCd":"10007","password":"gggg"}
[ 2018-06-24T21:34:24+08:00 ] 192.168.0.122 /plant/API/api/user/login
INFO: {"code":"1000","msg":"\u767b\u5f55\u6210\u529f\uff01","data":{"user":{"userCd":"10007","userName":"\u884c\u4e09","password":"gggg","telPhone":"1315656566","address":"25,55","addressName":"\u4e0a\u6d77"},"loginCompanyInfo":{"companyCd":"ZGS","userCd":"10007","currentFlag":"1","sysAuth":"R"},"sk":"1b17e41a128c761588c6aaccdc855e2184ec4fa3"}}
[ 2018-06-24T21:34:24+08:00 ] 192.168.0.122 /plant/API/api/user/login
INFO: [ app_begin ] --START--
INFO: Run Behavior\ReadHtmlCache [ RunTime:0.000685s ]
INFO: [ app_begin ] --END-- [ RunTime:0.001111s ]
SQL: SHOW COLUMNS FROM `zwp_sys_user` [ RunTime:0.007268s ]
SQL: SELECT * FROM `zwp_sys_user` WHERE ( `userCd` = '10007' ) LIMIT 1   [ RunTime:0.000224s ]
SQL: SHOW COLUMNS FROM `zwp_sys_company_user_map` [ RunTime:0.007876s ]
SQL: SELECT * FROM `zwp_sys_company_user_map` WHERE ( `userCd` = '10007' ) AND ( `currentFlag` = 1 ) LIMIT 1   [ RunTime:0.000217s ]

[ 2018-06-24T21:34:26+08:00 ] 192.168.0.122 /plant/API/api/fieldMaster/getFieldInfo
INFO: {"sk":"1b17e41a128c761588c6aaccdc855e2184ec4fa3","data":{"navigation":{"actions":{},"state":{"routeName":"EditField","key":"id-1529847263731-4"}},"editType":"0","fieldId":"FD00001"}}
[ 2018-06-24T21:34:26+08:00 ] 192.168.0.122 /plant/API/api/fieldMaster/getFieldInfo
INFO: {"userInfo":{"userCd":"10007","userName":"\u884c\u4e09","password":"gggg","telPhone":"1315656566","address":"25,55","addressName":"\u4e0a\u6d77"},"companyInfo":{"companyCd":"ZGS","userCd":"10007","currentFlag":"1","sysAuth":"R"}}
[ 2018-06-24T21:34:26+08:00 ] 192.168.0.122 /plant/API/api/fieldMaster/getFieldInfo
INFO: 99999999999999999999
[ 2018-06-24T21:34:27+08:00 ] 192.168.0.122 /plant/API/api/fieldMaster/getFieldInfo
INFO: fieldRentList>>>
[ 2018-06-24T21:34:27+08:00 ] 192.168.0.122 /plant/API/api/fieldMaster/getFieldInfo
INFO: 0
[ 2018-06-24T21:34:27+08:00 ] 192.168.0.122 /plant/API/api/fieldMaster/getFieldInfo
INFO: [ app_begin ] --START--
INFO: Run Behavior\ReadHtmlCache [ RunTime:0.000505s ]
INFO: [ app_begin ] --END-- [ RunTime:0.000912s ]
SQL: SHOW COLUMNS FROM `zwp_m_field` [ RunTime:0.006801s ]
SQL: SELECT * FROM `zwp_m_field` WHERE ( `companyCd` = 'ZGS' ) AND ( `fieldId` = 'FD00001' ) LIMIT 1   [ RunTime:0.000279s ]
SQL: SHOW COLUMNS FROM `zwp_m_field_rent` [ RunTime:0.007007s ]
SQL: SELECT * FROM `zwp_m_field_rent` WHERE ( `companyCd` = 'ZGS' ) AND ( `fieldId` = 'FD00001' )  [ RunTime:0.000292s ]
SQL: SHOW COLUMNS FROM `zwp_t_file` [ RunTime:0.007228s ]
SQL: SELECT * FROM `zwp_t_file` WHERE ( `companyCd` = 'ZGS' ) AND ( `fileGroupId` = 'FG00001' )  [ RunTime:0.000280s ]

[ 2018-06-24T21:35:55+08:00 ] 192.168.0.122 /plant/API/api/user/login
INFO: {"userCd":"10007","password":"gggg"}
[ 2018-06-24T21:35:56+08:00 ] 192.168.0.122 /plant/API/api/user/login
INFO: {"code":"1000","msg":"\u767b\u5f55\u6210\u529f\uff01","data":{"user":{"userCd":"10007","userName":"\u884c\u4e09","password":"gggg","telPhone":"1315656566","address":"25,55","addressName":"\u4e0a\u6d77"},"loginCompanyInfo":{"companyCd":"ZGS","userCd":"10007","currentFlag":"1","sysAuth":"R"},"sk":"eb2743b11a69306135025940a502dfe08c9b1af9"}}
[ 2018-06-24T21:35:56+08:00 ] 192.168.0.122 /plant/API/api/user/login
INFO: [ app_begin ] --START--
INFO: Run Behavior\ReadHtmlCache [ RunTime:0.003505s ]
INFO: [ app_begin ] --END-- [ RunTime:0.004851s ]
SQL: SHOW COLUMNS FROM `zwp_sys_user` [ RunTime:0.006814s ]
SQL: SELECT * FROM `zwp_sys_user` WHERE ( `userCd` = '10007' ) LIMIT 1   [ RunTime:0.000231s ]
SQL: SHOW COLUMNS FROM `zwp_sys_company_user_map` [ RunTime:0.008517s ]
SQL: SELECT * FROM `zwp_sys_company_user_map` WHERE ( `userCd` = '10007' ) AND ( `currentFlag` = 1 ) LIMIT 1   [ RunTime:0.000246s ]

[ 2018-06-24T21:35:58+08:00 ] 192.168.0.122 /plant/API/api/fieldMaster/getFieldInfo
INFO: {"sk":"eb2743b11a69306135025940a502dfe08c9b1af9","data":{"navigation":{"actions":{},"state":{"routeName":"EditField","key":"id-1529847356122-4"}},"editType":"0","fieldId":"FD00001"}}
[ 2018-06-24T21:35:58+08:00 ] 192.168.0.122 /plant/API/api/fieldMaster/getFieldInfo
INFO: {"userInfo":{"userCd":"10007","userName":"\u884c\u4e09","password":"gggg","telPhone":"1315656566","address":"25,55","addressName":"\u4e0a\u6d77"},"companyInfo":{"companyCd":"ZGS","userCd":"10007","currentFlag":"1","sysAuth":"R"}}
[ 2018-06-24T21:35:58+08:00 ] 192.168.0.122 /plant/API/api/fieldMaster/getFieldInfo
INFO: 99999999999999999999
[ 2018-06-24T21:35:59+08:00 ] 192.168.0.122 /plant/API/api/fieldMaster/getFieldInfo
INFO: fieldRentList>>>
[ 2018-06-24T21:35:59+08:00 ] 192.168.0.122 /plant/API/api/fieldMaster/getFieldInfo
INFO: 0
[ 2018-06-24T21:35:59+08:00 ] 192.168.0.122 /plant/API/api/fieldMaster/getFieldInfo
INFO: [ app_begin ] --START--
INFO: Run Behavior\ReadHtmlCache [ RunTime:0.000502s ]
INFO: [ app_begin ] --END-- [ RunTime:0.000847s ]
SQL: SHOW COLUMNS FROM `zwp_m_field` [ RunTime:0.006876s ]
SQL: SELECT * FROM `zwp_m_field` WHERE ( `companyCd` = 'ZGS' ) AND ( `fieldId` = 'FD00001' ) LIMIT 1   [ RunTime:0.000235s ]
SQL: SHOW COLUMNS FROM `zwp_m_field_rent` [ RunTime:0.008612s ]
SQL: SELECT * FROM `zwp_m_field_rent` WHERE ( `companyCd` = 'ZGS' ) AND ( `fieldId` = 'FD00001' )  [ RunTime:0.000279s ]
SQL: SHOW COLUMNS FROM `zwp_t_file` [ RunTime:0.007698s ]
SQL: SELECT * FROM `zwp_t_file` WHERE ( `companyCd` = 'ZGS' ) AND ( `fileGroupId` = 'FG00001' )  [ RunTime:0.000291s ]

[ 2018-06-24T21:36:09+08:00 ] 192.168.0.122 /plant/API/api/user/login
INFO: {"userCd":"10007","password":"gggg"}
[ 2018-06-24T21:36:10+08:00 ] 192.168.0.122 /plant/API/api/user/login
INFO: {"code":"1000","msg":"\u767b\u5f55\u6210\u529f\uff01","data":{"user":{"userCd":"10007","userName":"\u884c\u4e09","password":"gggg","telPhone":"1315656566","address":"25,55","addressName":"\u4e0a\u6d77"},"loginCompanyInfo":{"companyCd":"ZGS","userCd":"10007","currentFlag":"1","sysAuth":"R"},"sk":"a33a2651c60faf8c55ca65fd5768918c5359052c"}}
[ 2018-06-24T21:36:10+08:00 ] 192.168.0.122 /plant/API/api/user/login
INFO: [ app_begin ] --START--
INFO: Run Behavior\ReadHtmlCache [ RunTime:0.000502s ]
INFO: [ app_begin ] --END-- [ RunTime:0.000865s ]
SQL: SHOW COLUMNS FROM `zwp_sys_user` [ RunTime:0.006504s ]
SQL: SELECT * FROM `zwp_sys_user` WHERE ( `userCd` = '10007' ) LIMIT 1   [ RunTime:0.000203s ]
SQL: SHOW COLUMNS FROM `zwp_sys_company_user_map` [ RunTime:0.006662s ]
SQL: SELECT * FROM `zwp_sys_company_user_map` WHERE ( `userCd` = '10007' ) AND ( `currentFlag` = 1 ) LIMIT 1   [ RunTime:0.000388s ]

[ 2018-06-24T21:36:16+08:00 ] 192.168.0.122 /plant/API/api/fieldMaster/getFieldInfo
INFO: {"sk":"a33a2651c60faf8c55ca65fd5768918c5359052c","data":{"navigation":{"actions":{},"state":{"routeName":"EditField","key":"id-1529847356122-10"}},"editType":"0","fieldId":"FD00001"}}
[ 2018-06-24T21:36:16+08:00 ] 192.168.0.122 /plant/API/api/fieldMaster/getFieldInfo
INFO: {"userInfo":{"userCd":"10007","userName":"\u884c\u4e09","password":"gggg","telPhone":"1315656566","address":"25,55","addressName":"\u4e0a\u6d77"},"companyInfo":{"companyCd":"ZGS","userCd":"10007","currentFlag":"1","sysAuth":"R"}}
[ 2018-06-24T21:36:16+08:00 ] 192.168.0.122 /plant/API/api/fieldMaster/getFieldInfo
INFO: 99999999999999999999
[ 2018-06-24T21:36:17+08:00 ] 192.168.0.122 /plant/API/api/fieldMaster/getFieldInfo
INFO: fieldRentList>>>
[ 2018-06-24T21:36:17+08:00 ] 192.168.0.122 /plant/API/api/fieldMaster/getFieldInfo
INFO: 0
[ 2018-06-24T21:36:17+08:00 ] 192.168.0.122 /plant/API/api/fieldMaster/getFieldInfo
INFO: [ app_begin ] --START--
INFO: Run Behavior\ReadHtmlCache [ RunTime:0.000518s ]
INFO: [ app_begin ] --END-- [ RunTime:0.000869s ]
SQL: SHOW COLUMNS FROM `zwp_m_field` [ RunTime:0.007298s ]
SQL: SELECT * FROM `zwp_m_field` WHERE ( `companyCd` = 'ZGS' ) AND ( `fieldId` = 'FD00001' ) LIMIT 1   [ RunTime:0.000298s ]
SQL: SHOW COLUMNS FROM `zwp_m_field_rent` [ RunTime:0.008139s ]
SQL: SELECT * FROM `zwp_m_field_rent` WHERE ( `companyCd` = 'ZGS' ) AND ( `fieldId` = 'FD00001' )  [ RunTime:0.000280s ]
SQL: SHOW COLUMNS FROM `zwp_t_file` [ RunTime:0.006711s ]
SQL: SELECT * FROM `zwp_t_file` WHERE ( `companyCd` = 'ZGS' ) AND ( `fileGroupId` = 'FG00001' )  [ RunTime:0.000277s ]

[ 2018-06-24T21:40:00+08:00 ] 192.168.0.122 /plant/API/api/user/login
INFO: {"userCd":"10007","password":"gggg"}
[ 2018-06-24T21:40:01+08:00 ] 192.168.0.122 /plant/API/api/user/login
INFO: {"code":"1000","msg":"\u767b\u5f55\u6210\u529f\uff01","data":{"user":{"userCd":"10007","userName":"\u884c\u4e09","password":"gggg","telPhone":"1315656566","address":"25,55","addressName":"\u4e0a\u6d77"},"loginCompanyInfo":{"companyCd":"ZGS","userCd":"10007","currentFlag":"1","sysAuth":"R"},"sk":"6e56f33862f3c67b7154dc7a68ae3dd8a3f1ab30"}}
[ 2018-06-24T21:40:01+08:00 ] 192.168.0.122 /plant/API/api/user/login
INFO: [ app_begin ] --START--
INFO: Run Behavior\ReadHtmlCache [ RunTime:0.000707s ]
INFO: [ app_begin ] --END-- [ RunTime:0.001126s ]
SQL: SHOW COLUMNS FROM `zwp_sys_user` [ RunTime:0.006342s ]
SQL: SELECT * FROM `zwp_sys_user` WHERE ( `userCd` = '10007' ) LIMIT 1   [ RunTime:0.000234s ]
SQL: SHOW COLUMNS FROM `zwp_sys_company_user_map` [ RunTime:0.006606s ]
SQL: SELECT * FROM `zwp_sys_company_user_map` WHERE ( `userCd` = '10007' ) AND ( `currentFlag` = 1 ) LIMIT 1   [ RunTime:0.000249s ]

[ 2018-06-24T21:40:04+08:00 ] 192.168.0.122 /plant/API/api/fieldMaster/getFieldInfo
INFO: {"sk":"6e56f33862f3c67b7154dc7a68ae3dd8a3f1ab30","data":{"navigation":{"actions":{},"state":{"routeName":"EditField","key":"id-1529847601024-4"}},"editType":"0","fieldId":"FD00001"}}
[ 2018-06-24T21:40:04+08:00 ] 192.168.0.122 /plant/API/api/fieldMaster/getFieldInfo
INFO: {"userInfo":{"userCd":"10007","userName":"\u884c\u4e09","password":"gggg","telPhone":"1315656566","address":"25,55","addressName":"\u4e0a\u6d77"},"companyInfo":{"companyCd":"ZGS","userCd":"10007","currentFlag":"1","sysAuth":"R"}}
[ 2018-06-24T21:40:04+08:00 ] 192.168.0.122 /plant/API/api/fieldMaster/getFieldInfo
INFO: 99999999999999999999
[ 2018-06-24T21:40:05+08:00 ] 192.168.0.122 /plant/API/api/fieldMaster/getFieldInfo
INFO: fieldRentList>>>
[ 2018-06-24T21:40:05+08:00 ] 192.168.0.122 /plant/API/api/fieldMaster/getFieldInfo
INFO: 0
[ 2018-06-24T21:40:05+08:00 ] 192.168.0.122 /plant/API/api/fieldMaster/getFieldInfo
INFO: [ app_begin ] --START--
INFO: Run Behavior\ReadHtmlCache [ RunTime:0.000497s ]
INFO: [ app_begin ] --END-- [ RunTime:0.000838s ]
SQL: SHOW COLUMNS FROM `zwp_m_field` [ RunTime:0.006520s ]
SQL: SELECT * FROM `zwp_m_field` WHERE ( `companyCd` = 'ZGS' ) AND ( `fieldId` = 'FD00001' ) LIMIT 1   [ RunTime:0.000254s ]
SQL: SHOW COLUMNS FROM `zwp_m_field_rent` [ RunTime:0.006787s ]
SQL: SELECT * FROM `zwp_m_field_rent` WHERE ( `companyCd` = 'ZGS' ) AND ( `fieldId` = 'FD00001' )  [ RunTime:0.000287s ]
SQL: SHOW COLUMNS FROM `zwp_t_file` [ RunTime:0.006543s ]
SQL: SELECT * FROM `zwp_t_file` WHERE ( `companyCd` = 'ZGS' ) AND ( `fileGroupId` = 'FG00001' )  [ RunTime:0.000266s ]

[ 2018-06-24T21:40:50+08:00 ] 192.168.0.122 /plant/API/api/user/login
INFO: {"userCd":"10007","password":"gggg"}
[ 2018-06-24T21:40:51+08:00 ] 192.168.0.122 /plant/API/api/user/login
INFO: {"code":"1000","msg":"\u767b\u5f55\u6210\u529f\uff01","data":{"user":{"userCd":"10007","userName":"\u884c\u4e09","password":"gggg","telPhone":"1315656566","address":"25,55","addressName":"\u4e0a\u6d77"},"loginCompanyInfo":{"companyCd":"ZGS","userCd":"10007","currentFlag":"1","sysAuth":"R"},"sk":"22605b1d202261d45c6fca1f1ddeaf3445eb1eb3"}}
[ 2018-06-24T21:40:51+08:00 ] 192.168.0.122 /plant/API/api/user/login
INFO: [ app_begin ] --START--
INFO: Run Behavior\ReadHtmlCache [ RunTime:0.000518s ]
INFO: [ app_begin ] --END-- [ RunTime:0.000872s ]
SQL: SHOW COLUMNS FROM `zwp_sys_user` [ RunTime:0.006438s ]
SQL: SELECT * FROM `zwp_sys_user` WHERE ( `userCd` = '10007' ) LIMIT 1   [ RunTime:0.000318s ]
SQL: SHOW COLUMNS FROM `zwp_sys_company_user_map` [ RunTime:0.009915s ]
SQL: SELECT * FROM `zwp_sys_company_user_map` WHERE ( `userCd` = '10007' ) AND ( `currentFlag` = 1 ) LIMIT 1   [ RunTime:0.000245s ]

[ 2018-06-24T21:40:54+08:00 ] 192.168.0.122 /plant/API/api/fieldMaster/getFieldInfo
INFO: {"sk":"22605b1d202261d45c6fca1f1ddeaf3445eb1eb3","data":{"navigation":{"actions":{},"state":{"routeName":"EditField","key":"id-1529847651282-4"}},"editType":"0","fieldId":"FD00001"}}
[ 2018-06-24T21:40:54+08:00 ] 192.168.0.122 /plant/API/api/fieldMaster/getFieldInfo
INFO: {"userInfo":{"userCd":"10007","userName":"\u884c\u4e09","password":"gggg","telPhone":"1315656566","address":"25,55","addressName":"\u4e0a\u6d77"},"companyInfo":{"companyCd":"ZGS","userCd":"10007","currentFlag":"1","sysAuth":"R"}}
[ 2018-06-24T21:40:54+08:00 ] 192.168.0.122 /plant/API/api/fieldMaster/getFieldInfo
INFO: 99999999999999999999
[ 2018-06-24T21:40:55+08:00 ] 192.168.0.122 /plant/API/api/fieldMaster/getFieldInfo
INFO: fieldRentList>>>
[ 2018-06-24T21:40:55+08:00 ] 192.168.0.122 /plant/API/api/fieldMaster/getFieldInfo
INFO: 0
[ 2018-06-24T21:40:55+08:00 ] 192.168.0.122 /plant/API/api/fieldMaster/getFieldInfo
INFO: [ app_begin ] --START--
INFO: Run Behavior\ReadHtmlCache [ RunTime:0.000507s ]
INFO: [ app_begin ] --END-- [ RunTime:0.000848s ]
SQL: SHOW COLUMNS FROM `zwp_m_field` [ RunTime:0.006482s ]
SQL: SELECT * FROM `zwp_m_field` WHERE ( `companyCd` = 'ZGS' ) AND ( `fieldId` = 'FD00001' ) LIMIT 1   [ RunTime:0.000298s ]
SQL: SHOW COLUMNS FROM `zwp_m_field_rent` [ RunTime:0.006781s ]
SQL: SELECT * FROM `zwp_m_field_rent` WHERE ( `companyCd` = 'ZGS' ) AND ( `fieldId` = 'FD00001' )  [ RunTime:0.000281s ]
SQL: SHOW COLUMNS FROM `zwp_t_file` [ RunTime:0.006678s ]
SQL: SELECT * FROM `zwp_t_file` WHERE ( `companyCd` = 'ZGS' ) AND ( `fileGroupId` = 'FG00001' )  [ RunTime:0.000300s ]

[ 2018-06-24T21:41:46+08:00 ] 192.168.0.122 /plant/API/api/user/login
INFO: {"userCd":"10007","password":"gggg"}
[ 2018-06-24T21:41:47+08:00 ] 192.168.0.122 /plant/API/api/user/login
INFO: {"code":"1000","msg":"\u767b\u5f55\u6210\u529f\uff01","data":{"user":{"userCd":"10007","userName":"\u884c\u4e09","password":"gggg","telPhone":"1315656566","address":"25,55","addressName":"\u4e0a\u6d77"},"loginCompanyInfo":{"companyCd":"ZGS","userCd":"10007","currentFlag":"1","sysAuth":"R"},"sk":"31d086513af413c3abe8cb5e504bad18815e85e4"}}
[ 2018-06-24T21:41:47+08:00 ] 192.168.0.122 /plant/API/api/user/login
INFO: [ app_begin ] --START--
INFO: Run Behavior\ReadHtmlCache [ RunTime:0.000488s ]
INFO: [ app_begin ] --END-- [ RunTime:0.000821s ]
SQL: SHOW COLUMNS FROM `zwp_sys_user` [ RunTime:0.006411s ]
SQL: SELECT * FROM `zwp_sys_user` WHERE ( `userCd` = '10007' ) LIMIT 1   [ RunTime:0.000266s ]
SQL: SHOW COLUMNS FROM `zwp_sys_company_user_map` [ RunTime:0.006651s ]
SQL: SELECT * FROM `zwp_sys_company_user_map` WHERE ( `userCd` = '10007' ) AND ( `currentFlag` = 1 ) LIMIT 1   [ RunTime:0.000278s ]

[ 2018-06-24T21:41:49+08:00 ] 192.168.0.122 /plant/API/api/fieldMaster/getFieldInfo
INFO: {"sk":"31d086513af413c3abe8cb5e504bad18815e85e4","data":{"navigation":{"actions":{},"state":{"routeName":"EditField","key":"id-1529847706738-4"}},"editType":"0","fieldId":"FD00001"}}
[ 2018-06-24T21:41:49+08:00 ] 192.168.0.122 /plant/API/api/fieldMaster/getFieldInfo
INFO: {"userInfo":{"userCd":"10007","userName":"\u884c\u4e09","password":"gggg","telPhone":"1315656566","address":"25,55","addressName":"\u4e0a\u6d77"},"companyInfo":{"companyCd":"ZGS","userCd":"10007","currentFlag":"1","sysAuth":"R"}}
[ 2018-06-24T21:41:49+08:00 ] 192.168.0.122 /plant/API/api/fieldMaster/getFieldInfo
INFO: 99999999999999999999
[ 2018-06-24T21:41:50+08:00 ] 192.168.0.122 /plant/API/api/fieldMaster/getFieldInfo
INFO: fieldRentList>>>
[ 2018-06-24T21:41:50+08:00 ] 192.168.0.122 /plant/API/api/fieldMaster/getFieldInfo
INFO: 0
[ 2018-06-24T21:41:50+08:00 ] 192.168.0.122 /plant/API/api/fieldMaster/getFieldInfo
INFO: [ app_begin ] --START--
INFO: Run Behavior\ReadHtmlCache [ RunTime:0.000493s ]
INFO: [ app_begin ] --END-- [ RunTime:0.000824s ]
SQL: SHOW COLUMNS FROM `zwp_m_field` [ RunTime:0.006284s ]
SQL: SELECT * FROM `zwp_m_field` WHERE ( `companyCd` = 'ZGS' ) AND ( `fieldId` = 'FD00001' ) LIMIT 1   [ RunTime:0.000268s ]
SQL: SHOW COLUMNS FROM `zwp_m_field_rent` [ RunTime:0.006675s ]
SQL: SELECT * FROM `zwp_m_field_rent` WHERE ( `companyCd` = 'ZGS' ) AND ( `fieldId` = 'FD00001' )  [ RunTime:0.000279s ]
SQL: SHOW COLUMNS FROM `zwp_t_file` [ RunTime:0.006443s ]
SQL: SELECT * FROM `zwp_t_file` WHERE ( `companyCd` = 'ZGS' ) AND ( `fileGroupId` = 'FG00001' )  [ RunTime:0.000246s ]

[ 2018-06-24T21:46:36+08:00 ] 192.168.0.122 /plant/API/api/user/login
INFO: {"userCd":"10007","password":"gggg"}
[ 2018-06-24T21:46:37+08:00 ] 192.168.0.122 /plant/API/api/user/login
INFO: {"code":"1000","msg":"\u767b\u5f55\u6210\u529f\uff01","data":{"user":{"userCd":"10007","userName":"\u884c\u4e09","password":"gggg","telPhone":"1315656566","address":"25,55","addressName":"\u4e0a\u6d77"},"loginCompanyInfo":{"companyCd":"ZGS","userCd":"10007","currentFlag":"1","sysAuth":"R"},"sk":"c9a31f93c84afc3ca03c6c98254e45caa970dfb0"}}
[ 2018-06-24T21:46:37+08:00 ] 192.168.0.122 /plant/API/api/user/login
INFO: [ app_begin ] --START--
INFO: Run Behavior\ReadHtmlCache [ RunTime:0.000664s ]
INFO: [ app_begin ] --END-- [ RunTime:0.001039s ]
SQL: SHOW COLUMNS FROM `zwp_sys_user` [ RunTime:0.057410s ]
SQL: SELECT * FROM `zwp_sys_user` WHERE ( `userCd` = '10007' ) LIMIT 1   [ RunTime:0.000247s ]
SQL: SHOW COLUMNS FROM `zwp_sys_company_user_map` [ RunTime:0.006592s ]
SQL: SELECT * FROM `zwp_sys_company_user_map` WHERE ( `userCd` = '10007' ) AND ( `currentFlag` = 1 ) LIMIT 1   [ RunTime:0.000213s ]

[ 2018-06-24T21:46:41+08:00 ] 192.168.0.122 /plant/API/api/fieldMaster/getFieldInfo
INFO: {"sk":"c9a31f93c84afc3ca03c6c98254e45caa970dfb0","data":{"navigation":{"actions":{},"state":{"routeName":"EditField","key":"id-1529847997231-4"}},"editType":"0","fieldId":"FD00001"}}
[ 2018-06-24T21:46:41+08:00 ] 192.168.0.122 /plant/API/api/fieldMaster/getFieldInfo
INFO: {"userInfo":{"userCd":"10007","userName":"\u884c\u4e09","password":"gggg","telPhone":"1315656566","address":"25,55","addressName":"\u4e0a\u6d77"},"companyInfo":{"companyCd":"ZGS","userCd":"10007","currentFlag":"1","sysAuth":"R"}}
[ 2018-06-24T21:46:41+08:00 ] 192.168.0.122 /plant/API/api/fieldMaster/getFieldInfo
INFO: 99999999999999999999
[ 2018-06-24T21:46:42+08:00 ] 192.168.0.122 /plant/API/api/fieldMaster/getFieldInfo
INFO: fieldRentList>>>
[ 2018-06-24T21:46:42+08:00 ] 192.168.0.122 /plant/API/api/fieldMaster/getFieldInfo
INFO: 0
[ 2018-06-24T21:46:42+08:00 ] 192.168.0.122 /plant/API/api/fieldMaster/getFieldInfo
INFO: [ app_begin ] --START--
INFO: Run Behavior\ReadHtmlCache [ RunTime:0.000519s ]
INFO: [ app_begin ] --END-- [ RunTime:0.000859s ]
SQL: SHOW COLUMNS FROM `zwp_m_field` [ RunTime:0.006208s ]
SQL: SELECT * FROM `zwp_m_field` WHERE ( `companyCd` = 'ZGS' ) AND ( `fieldId` = 'FD00001' ) LIMIT 1   [ RunTime:0.000259s ]
SQL: SHOW COLUMNS FROM `zwp_m_field_rent` [ RunTime:0.006518s ]
SQL: SELECT * FROM `zwp_m_field_rent` WHERE ( `companyCd` = 'ZGS' ) AND ( `fieldId` = 'FD00001' )  [ RunTime:0.000268s ]
SQL: SHOW COLUMNS FROM `zwp_t_file` [ RunTime:0.009983s ]
SQL: SELECT * FROM `zwp_t_file` WHERE ( `companyCd` = 'ZGS' ) AND ( `fileGroupId` = 'FG00001' )  [ RunTime:0.000271s ]

[ 2018-06-24T21:57:50+08:00 ] 192.168.0.122 /plant/API/api/user/login
INFO: {"userCd":"10007","password":"gggg"}
[ 2018-06-24T21:57:51+08:00 ] 192.168.0.122 /plant/API/api/user/login
INFO: {"code":"1000","msg":"\u767b\u5f55\u6210\u529f\uff01","data":{"user":{"userCd":"10007","userName":"\u884c\u4e09","password":"gggg","telPhone":"1315656566","address":"25,55","addressName":"\u4e0a\u6d77"},"loginCompanyInfo":{"companyCd":"ZGS","userCd":"10007","currentFlag":"1","sysAuth":"R"},"sk":"f2674c96caf20b66266be3fdb28f7c01079bc01a"}}
[ 2018-06-24T21:57:51+08:00 ] 192.168.0.122 /plant/API/api/user/login
INFO: [ app_begin ] --START--
INFO: Run Behavior\ReadHtmlCache [ RunTime:0.000686s ]
INFO: [ app_begin ] --END-- [ RunTime:0.001082s ]
SQL: SHOW COLUMNS FROM `zwp_sys_user` [ RunTime:0.006795s ]
SQL: SELECT * FROM `zwp_sys_user` WHERE ( `userCd` = '10007' ) LIMIT 1   [ RunTime:0.000256s ]
SQL: SHOW COLUMNS FROM `zwp_sys_company_user_map` [ RunTime:0.007340s ]
SQL: SELECT * FROM `zwp_sys_company_user_map` WHERE ( `userCd` = '10007' ) AND ( `currentFlag` = 1 ) LIMIT 1   [ RunTime:0.000248s ]

[ 2018-06-24T21:57:53+08:00 ] 192.168.0.122 /plant/API/api/fieldMaster/getFieldInfo
INFO: {"sk":"f2674c96caf20b66266be3fdb28f7c01079bc01a","data":{"navigation":{"actions":{},"state":{"routeName":"EditField","key":"id-1529848670689-4"}},"editType":"0","fieldId":"FD00001"}}
[ 2018-06-24T21:57:53+08:00 ] 192.168.0.122 /plant/API/api/fieldMaster/getFieldInfo
INFO: {"userInfo":{"userCd":"10007","userName":"\u884c\u4e09","password":"gggg","telPhone":"1315656566","address":"25,55","addressName":"\u4e0a\u6d77"},"companyInfo":{"companyCd":"ZGS","userCd":"10007","currentFlag":"1","sysAuth":"R"}}
[ 2018-06-24T21:57:53+08:00 ] 192.168.0.122 /plant/API/api/fieldMaster/getFieldInfo
INFO: 99999999999999999999
[ 2018-06-24T21:57:54+08:00 ] 192.168.0.122 /plant/API/api/fieldMaster/getFieldInfo
INFO: 0
[ 2018-06-24T21:57:54+08:00 ] 192.168.0.122 /plant/API/api/fieldMaster/getFieldInfo
INFO: [ app_begin ] --START--
INFO: Run Behavior\ReadHtmlCache [ RunTime:0.000498s ]
INFO: [ app_begin ] --END-- [ RunTime:0.000844s ]
SQL: SHOW COLUMNS FROM `zwp_m_field` [ RunTime:0.006759s ]
SQL: SELECT * FROM `zwp_m_field` WHERE ( `companyCd` = 'ZGS' ) AND ( `fieldId` = 'FD00001' ) LIMIT 1   [ RunTime:0.000268s ]
SQL: SHOW COLUMNS FROM `zwp_m_field_rent` [ RunTime:0.009849s ]
SQL: SELECT * FROM `zwp_m_field_rent` WHERE ( `companyCd` = 'ZGS' ) AND ( `fieldId` = 'FD00001' )  [ RunTime:0.000277s ]
SQL: SHOW COLUMNS FROM `zwp_t_file` [ RunTime:0.006955s ]
SQL: SELECT * FROM `zwp_t_file` WHERE ( `companyCd` = 'ZGS' ) AND ( `fileGroupId` = 'FG00001' )  [ RunTime:0.000288s ]

[ 2018-06-24T22:16:06+08:00 ] 192.168.0.122 /plant/API/api/user/login
INFO: {"userCd":"10007","password":"gggg"}
[ 2018-06-24T22:16:08+08:00 ] 192.168.0.122 /plant/API/api/user/login
INFO: {"code":"1000","msg":"\u767b\u5f55\u6210\u529f\uff01","data":{"user":{"userCd":"10007","userName":"\u884c\u4e09","password":"gggg","telPhone":"1315656566","address":"25,55","addressName":"\u4e0a\u6d77"},"loginCompanyInfo":{"companyCd":"ZGS","userCd":"10007","currentFlag":"1","sysAuth":"R"},"sk":"949317a9a180461146e6daa235a080d8256e61a9"}}
[ 2018-06-24T22:16:08+08:00 ] 192.168.0.122 /plant/API/api/user/login
INFO: [ app_begin ] --START--
INFO: Run Behavior\ReadHtmlCache [ RunTime:0.000678s ]
INFO: [ app_begin ] --END-- [ RunTime:0.001108s ]
SQL: SHOW COLUMNS FROM `zwp_sys_user` [ RunTime:0.006476s ]
SQL: SELECT * FROM `zwp_sys_user` WHERE ( `userCd` = '10007' ) LIMIT 1   [ RunTime:0.000288s ]
SQL: SHOW COLUMNS FROM `zwp_sys_company_user_map` [ RunTime:0.006926s ]
SQL: SELECT * FROM `zwp_sys_company_user_map` WHERE ( `userCd` = '10007' ) AND ( `currentFlag` = 1 ) LIMIT 1   [ RunTime:0.000237s ]

[ 2018-06-24T22:16:09+08:00 ] 192.168.0.122 /plant/API/api/fieldMaster/getFieldInfo
INFO: {"sk":"949317a9a180461146e6daa235a080d8256e61a9","data":{"navigation":{"actions":{},"state":{"routeName":"EditField","key":"id-1529849767420-4"}},"editType":"0","fieldId":"FD00001"}}
[ 2018-06-24T22:16:09+08:00 ] 192.168.0.122 /plant/API/api/fieldMaster/getFieldInfo
INFO: {"userInfo":{"userCd":"10007","userName":"\u884c\u4e09","password":"gggg","telPhone":"1315656566","address":"25,55","addressName":"\u4e0a\u6d77"},"companyInfo":{"companyCd":"ZGS","userCd":"10007","currentFlag":"1","sysAuth":"R"}}
[ 2018-06-24T22:16:09+08:00 ] 192.168.0.122 /plant/API/api/fieldMaster/getFieldInfo
INFO: 99999999999999999999
[ 2018-06-24T22:16:10+08:00 ] 192.168.0.122 /plant/API/index.php
INFO: [ app_begin ] --START--
INFO: Run Behavior\ReadHtmlCache [ RunTime:0.000669s ]
INFO: [ app_begin ] --END-- [ RunTime:0.001056s ]
INFO: [ app_end ] --START--
INFO: Run Behavior\ShowPageTrace [ RunTime:0.000778s ]
INFO: [ app_end ] --END-- [ RunTime:0.000837s ]

[ 2018-06-24T22:16:10+08:00 ] 192.168.0.122 /plant/API/api/fieldMaster/getFieldInfo
INFO: 0
[ 2018-06-24T22:16:10+08:00 ] 192.168.0.122 /plant/API/api/fieldMaster/getFieldInfo
INFO: [ app_begin ] --START--
INFO: Run Behavior\ReadHtmlCache [ RunTime:0.000495s ]
INFO: [ app_begin ] --END-- [ RunTime:0.000826s ]
SQL: SHOW COLUMNS FROM `zwp_m_field` [ RunTime:0.006274s ]
SQL: SELECT * FROM `zwp_m_field` WHERE ( `companyCd` = 'ZGS' ) AND ( `fieldId` = 'FD00001' ) LIMIT 1   [ RunTime:0.000259s ]
SQL: SHOW COLUMNS FROM `zwp_m_field_rent` [ RunTime:0.006435s ]
SQL: SELECT * FROM `zwp_m_field_rent` WHERE ( `companyCd` = 'ZGS' ) AND ( `fieldId` = 'FD00001' )  [ RunTime:0.000258s ]
SQL: SHOW COLUMNS FROM `zwp_t_file` [ RunTime:0.006420s ]
SQL: SELECT * FROM `zwp_t_file` WHERE ( `companyCd` = 'ZGS' ) AND ( `fileGroupId` = 'FG00001' )  [ RunTime:0.000265s ]

[ 2018-06-24T22:16:42+08:00 ] 192.168.0.122 /plant/API/api/user/login
INFO: {"userCd":"10007","password":"gggg"}
[ 2018-06-24T22:16:43+08:00 ] 192.168.0.122 /plant/API/api/user/login
INFO: {"code":"1000","msg":"\u767b\u5f55\u6210\u529f\uff01","data":{"user":{"userCd":"10007","userName":"\u884c\u4e09","password":"gggg","telPhone":"1315656566","address":"25,55","addressName":"\u4e0a\u6d77"},"loginCompanyInfo":{"companyCd":"ZGS","userCd":"10007","currentFlag":"1","sysAuth":"R"},"sk":"7a1da7e943cdb607a9953a1dbc8316f720e76abf"}}
[ 2018-06-24T22:16:43+08:00 ] 192.168.0.122 /plant/API/api/user/login
INFO: [ app_begin ] --START--
INFO: Run Behavior\ReadHtmlCache [ RunTime:0.000504s ]
INFO: [ app_begin ] --END-- [ RunTime:0.000857s ]
SQL: SHOW COLUMNS FROM `zwp_sys_user` [ RunTime:0.006847s ]
SQL: SELECT * FROM `zwp_sys_user` WHERE ( `userCd` = '10007' ) LIMIT 1   [ RunTime:0.000243s ]
SQL: SHOW COLUMNS FROM `zwp_sys_company_user_map` [ RunTime:0.006876s ]
SQL: SELECT * FROM `zwp_sys_company_user_map` WHERE ( `userCd` = '10007' ) AND ( `currentFlag` = 1 ) LIMIT 1   [ RunTime:0.000235s ]

[ 2018-06-24T22:16:59+08:00 ] 192.168.0.122 /plant/API/api/user/login
INFO: {"userCd":"10007","password":"gggg"}
[ 2018-06-24T22:17:00+08:00 ] 192.168.0.122 /plant/API/api/user/login
INFO: {"code":"1000","msg":"\u767b\u5f55\u6210\u529f\uff01","data":{"user":{"userCd":"10007","userName":"\u884c\u4e09","password":"gggg","telPhone":"1315656566","address":"25,55","addressName":"\u4e0a\u6d77"},"loginCompanyInfo":{"companyCd":"ZGS","userCd":"10007","currentFlag":"1","sysAuth":"R"},"sk":"0a5d831f386a948ca2c202e2d4a5d6db0b9f8bc3"}}
[ 2018-06-24T22:17:00+08:00 ] 192.168.0.122 /plant/API/api/user/login
INFO: [ app_begin ] --START--
INFO: Run Behavior\ReadHtmlCache [ RunTime:0.000498s ]
INFO: [ app_begin ] --END-- [ RunTime:0.000841s ]
SQL: SHOW COLUMNS FROM `zwp_sys_user` [ RunTime:0.006309s ]
SQL: SELECT * FROM `zwp_sys_user` WHERE ( `userCd` = '10007' ) LIMIT 1   [ RunTime:0.000227s ]
SQL: SHOW COLUMNS FROM `zwp_sys_company_user_map` [ RunTime:0.007632s ]
SQL: SELECT * FROM `zwp_sys_company_user_map` WHERE ( `userCd` = '10007' ) AND ( `currentFlag` = 1 ) LIMIT 1   [ RunTime:0.000243s ]

[ 2018-06-24T22:17:02+08:00 ] 192.168.0.122 /plant/API/api/fieldMaster/getFieldInfo
INFO: {"sk":"0a5d831f386a948ca2c202e2d4a5d6db0b9f8bc3","data":{"navigation":{"actions":{},"state":{"routeName":"EditField","key":"id-1529849819915-4"}},"editType":"0","fieldId":"FD00001"}}
[ 2018-06-24T22:17:02+08:00 ] 192.168.0.122 /plant/API/api/fieldMaster/getFieldInfo
INFO: {"userInfo":{"userCd":"10007","userName":"\u884c\u4e09","password":"gggg","telPhone":"1315656566","address":"25,55","addressName":"\u4e0a\u6d77"},"companyInfo":{"companyCd":"ZGS","userCd":"10007","currentFlag":"1","sysAuth":"R"}}
[ 2018-06-24T22:17:02+08:00 ] 192.168.0.122 /plant/API/api/fieldMaster/getFieldInfo
INFO: 99999999999999999999
[ 2018-06-24T22:17:03+08:00 ] 192.168.0.122 /plant/API/api/fieldMaster/getFieldInfo
INFO: 0
[ 2018-06-24T22:17:03+08:00 ] 192.168.0.122 /plant/API/api/fieldMaster/getFieldInfo
INFO: [ app_begin ] --START--
INFO: Run Behavior\ReadHtmlCache [ RunTime:0.000621s ]
INFO: [ app_begin ] --END-- [ RunTime:0.000965s ]
SQL: SHOW COLUMNS FROM `zwp_m_field` [ RunTime:0.006372s ]
SQL: SELECT * FROM `zwp_m_field` WHERE ( `companyCd` = 'ZGS' ) AND ( `fieldId` = 'FD00001' ) LIMIT 1   [ RunTime:0.000248s ]
SQL: SHOW COLUMNS FROM `zwp_m_field_rent` [ RunTime:0.006415s ]
SQL: SELECT * FROM `zwp_m_field_rent` WHERE ( `companyCd` = 'ZGS' ) AND ( `fieldId` = 'FD00001' )  [ RunTime:0.000237s ]
SQL: SHOW COLUMNS FROM `zwp_t_file` [ RunTime:0.006381s ]
SQL: SELECT * FROM `zwp_t_file` WHERE ( `companyCd` = 'ZGS' ) AND ( `fileGroupId` = 'FG00001' )  [ RunTime:0.000255s ]

[ 2018-06-24T22:21:01+08:00 ] 192.168.0.122 /plant/API/api/user/login
INFO: {"userCd":"10007","password":"gggg"}
[ 2018-06-24T22:21:02+08:00 ] 192.168.0.122 /plant/API/api/user/login
INFO: {"code":"1000","msg":"\u767b\u5f55\u6210\u529f\uff01","data":{"user":{"userCd":"10007","userName":"\u884c\u4e09","password":"gggg","telPhone":"1315656566","address":"25,55","addressName":"\u4e0a\u6d77"},"loginCompanyInfo":{"companyCd":"ZGS","userCd":"10007","currentFlag":"1","sysAuth":"R"},"sk":"2b4dd60d28c9b5b0a96a8f866a9556b9a02a9c6f"}}
[ 2018-06-24T22:21:02+08:00 ] 192.168.0.122 /plant/API/api/user/login
INFO: [ app_begin ] --START--
INFO: Run Behavior\ReadHtmlCache [ RunTime:0.000678s ]
INFO: [ app_begin ] --END-- [ RunTime:0.001083s ]
SQL: SHOW COLUMNS FROM `zwp_sys_user` [ RunTime:0.006258s ]
SQL: SELECT * FROM `zwp_sys_user` WHERE ( `userCd` = '10007' ) LIMIT 1   [ RunTime:0.000247s ]
SQL: SHOW COLUMNS FROM `zwp_sys_company_user_map` [ RunTime:0.007138s ]
SQL: SELECT * FROM `zwp_sys_company_user_map` WHERE ( `userCd` = '10007' ) AND ( `currentFlag` = 1 ) LIMIT 1   [ RunTime:0.000239s ]

[ 2018-06-24T22:21:05+08:00 ] 192.168.0.122 /plant/API/api/fieldMaster/getFieldInfo
INFO: {"sk":"2b4dd60d28c9b5b0a96a8f866a9556b9a02a9c6f","data":{"navigation":{"actions":{},"state":{"routeName":"EditField","key":"id-1529850062095-4"}},"editType":"0","fieldId":"FD00001"}}
[ 2018-06-24T22:21:05+08:00 ] 192.168.0.122 /plant/API/api/fieldMaster/getFieldInfo
INFO: {"userInfo":{"userCd":"10007","userName":"\u884c\u4e09","password":"gggg","telPhone":"1315656566","address":"25,55","addressName":"\u4e0a\u6d77"},"companyInfo":{"companyCd":"ZGS","userCd":"10007","currentFlag":"1","sysAuth":"R"}}
[ 2018-06-24T22:21:05+08:00 ] 192.168.0.122 /plant/API/api/fieldMaster/getFieldInfo
INFO: 99999999999999999999
[ 2018-06-24T22:21:06+08:00 ] 192.168.0.122 /plant/API/api/fieldMaster/getFieldInfo
INFO: 0
[ 2018-06-24T22:21:06+08:00 ] 192.168.0.122 /plant/API/api/fieldMaster/getFieldInfo
INFO: [ app_begin ] --START--
INFO: Run Behavior\ReadHtmlCache [ RunTime:0.000518s ]
INFO: [ app_begin ] --END-- [ RunTime:0.000869s ]
SQL: SHOW COLUMNS FROM `zwp_m_field` [ RunTime:0.006272s ]
SQL: SELECT * FROM `zwp_m_field` WHERE ( `companyCd` = 'ZGS' ) AND ( `fieldId` = 'FD00001' ) LIMIT 1   [ RunTime:0.000263s ]
SQL: SHOW COLUMNS FROM `zwp_m_field_rent` [ RunTime:0.006520s ]
SQL: SELECT * FROM `zwp_m_field_rent` WHERE ( `companyCd` = 'ZGS' ) AND ( `fieldId` = 'FD00001' )  [ RunTime:0.000251s ]
SQL: SHOW COLUMNS FROM `zwp_t_file` [ RunTime:0.006449s ]
SQL: SELECT * FROM `zwp_t_file` WHERE ( `companyCd` = 'ZGS' ) AND ( `fileGroupId` = 'FG00001' )  [ RunTime:0.000275s ]

[ 2018-06-24T22:22:25+08:00 ] 192.168.0.122 /plant/API/api/user/login
INFO: {"userCd":"10007","password":"gggg"}
[ 2018-06-24T22:22:26+08:00 ] 192.168.0.122 /plant/API/api/user/login
INFO: {"code":"1000","msg":"\u767b\u5f55\u6210\u529f\uff01","data":{"user":{"userCd":"10007","userName":"\u884c\u4e09","password":"gggg","telPhone":"1315656566","address":"25,55","addressName":"\u4e0a\u6d77"},"loginCompanyInfo":{"companyCd":"ZGS","userCd":"10007","currentFlag":"1","sysAuth":"R"},"sk":"aa0f4f81fbef4927adf3cfc5a757cf6dfc1265d9"}}
[ 2018-06-24T22:22:26+08:00 ] 192.168.0.122 /plant/API/api/user/login
INFO: [ app_begin ] --START--
INFO: Run Behavior\ReadHtmlCache [ RunTime:0.000526s ]
INFO: [ app_begin ] --END-- [ RunTime:0.000860s ]
SQL: SHOW COLUMNS FROM `zwp_sys_user` [ RunTime:0.006409s ]
SQL: SELECT * FROM `zwp_sys_user` WHERE ( `userCd` = '10007' ) LIMIT 1   [ RunTime:0.000238s ]
SQL: SHOW COLUMNS FROM `zwp_sys_company_user_map` [ RunTime:0.006640s ]
SQL: SELECT * FROM `zwp_sys_company_user_map` WHERE ( `userCd` = '10007' ) AND ( `currentFlag` = 1 ) LIMIT 1   [ RunTime:0.000255s ]

[ 2018-06-24T22:22:27+08:00 ] 192.168.0.122 /plant/API/api/fieldMaster/getFieldInfo
INFO: {"sk":"aa0f4f81fbef4927adf3cfc5a757cf6dfc1265d9","data":{"navigation":{"actions":{},"state":{"routeName":"EditField","key":"id-1529850145535-4"}},"editType":"0","fieldId":"FD00001"}}
[ 2018-06-24T22:22:27+08:00 ] 192.168.0.122 /plant/API/api/fieldMaster/getFieldInfo
INFO: {"userInfo":{"userCd":"10007","userName":"\u884c\u4e09","password":"gggg","telPhone":"1315656566","address":"25,55","addressName":"\u4e0a\u6d77"},"companyInfo":{"companyCd":"ZGS","userCd":"10007","currentFlag":"1","sysAuth":"R"}}
[ 2018-06-24T22:22:27+08:00 ] 192.168.0.122 /plant/API/api/fieldMaster/getFieldInfo
INFO: 99999999999999999999
[ 2018-06-24T22:22:28+08:00 ] 192.168.0.122 /plant/API/api/fieldMaster/getFieldInfo
INFO: 0
[ 2018-06-24T22:22:28+08:00 ] 192.168.0.122 /plant/API/api/fieldMaster/getFieldInfo
INFO: [ app_begin ] --START--
INFO: Run Behavior\ReadHtmlCache [ RunTime:0.000501s ]
INFO: [ app_begin ] --END-- [ RunTime:0.000839s ]
SQL: SHOW COLUMNS FROM `zwp_m_field` [ RunTime:0.006109s ]
SQL: SELECT * FROM `zwp_m_field` WHERE ( `companyCd` = 'ZGS' ) AND ( `fieldId` = 'FD00001' ) LIMIT 1   [ RunTime:0.000258s ]
SQL: SHOW COLUMNS FROM `zwp_m_field_rent` [ RunTime:0.007019s ]
SQL: SELECT * FROM `zwp_m_field_rent` WHERE ( `companyCd` = 'ZGS' ) AND ( `fieldId` = 'FD00001' )  [ RunTime:0.000250s ]
SQL: SHOW COLUMNS FROM `zwp_t_file` [ RunTime:0.006487s ]
SQL: SELECT * FROM `zwp_t_file` WHERE ( `companyCd` = 'ZGS' ) AND ( `fileGroupId` = 'FG00001' )  [ RunTime:0.000254s ]

[ 2018-06-24T22:27:29+08:00 ] 192.168.0.122 /plant/API/api/user/login
INFO: {"userCd":"10007","password":"gggg"}
[ 2018-06-24T22:27:30+08:00 ] 192.168.0.122 /plant/API/api/user/login
INFO: {"code":"1000","msg":"\u767b\u5f55\u6210\u529f\uff01","data":{"user":{"userCd":"10007","userName":"\u884c\u4e09","password":"gggg","telPhone":"1315656566","address":"25,55","addressName":"\u4e0a\u6d77"},"loginCompanyInfo":{"companyCd":"ZGS","userCd":"10007","currentFlag":"1","sysAuth":"R"},"sk":"2f319c94018ef7c119cac953b8d0343f3f14b325"}}
[ 2018-06-24T22:27:30+08:00 ] 192.168.0.122 /plant/API/api/user/login
INFO: [ app_begin ] --START--
INFO: Run Behavior\ReadHtmlCache [ RunTime:0.000668s ]
INFO: [ app_begin ] --END-- [ RunTime:0.001066s ]
SQL: SHOW COLUMNS FROM `zwp_sys_user` [ RunTime:0.006703s ]
SQL: SELECT * FROM `zwp_sys_user` WHERE ( `userCd` = '10007' ) LIMIT 1   [ RunTime:0.000258s ]
SQL: SHOW COLUMNS FROM `zwp_sys_company_user_map` [ RunTime:0.007186s ]
SQL: SELECT * FROM `zwp_sys_company_user_map` WHERE ( `userCd` = '10007' ) AND ( `currentFlag` = 1 ) LIMIT 1   [ RunTime:0.000249s ]

[ 2018-06-24T22:27:34+08:00 ] 192.168.0.122 /plant/API/api/fieldMaster/getFieldInfo
INFO: {"sk":"2f319c94018ef7c119cac953b8d0343f3f14b325","data":{"navigation":{"actions":{},"state":{"routeName":"EditField","key":"id-1529850450288-4"}},"editType":"0","fieldId":"FD00001"}}
[ 2018-06-24T22:27:34+08:00 ] 192.168.0.122 /plant/API/api/fieldMaster/getFieldInfo
INFO: {"userInfo":{"userCd":"10007","userName":"\u884c\u4e09","password":"gggg","telPhone":"1315656566","address":"25,55","addressName":"\u4e0a\u6d77"},"companyInfo":{"companyCd":"ZGS","userCd":"10007","currentFlag":"1","sysAuth":"R"}}
[ 2018-06-24T22:27:34+08:00 ] 192.168.0.122 /plant/API/api/fieldMaster/getFieldInfo
INFO: 99999999999999999999
[ 2018-06-24T22:27:35+08:00 ] 192.168.0.122 /plant/API/api/fieldMaster/getFieldInfo
INFO: 0
[ 2018-06-24T22:27:35+08:00 ] 192.168.0.122 /plant/API/api/fieldMaster/getFieldInfo
INFO: [ app_begin ] --START--
INFO: Run Behavior\ReadHtmlCache [ RunTime:0.000491s ]
INFO: [ app_begin ] --END-- [ RunTime:0.000825s ]
SQL: SHOW COLUMNS FROM `zwp_m_field` [ RunTime:0.006703s ]
SQL: SELECT * FROM `zwp_m_field` WHERE ( `companyCd` = 'ZGS' ) AND ( `fieldId` = 'FD00001' ) LIMIT 1   [ RunTime:0.000278s ]
SQL: SHOW COLUMNS FROM `zwp_m_field_rent` [ RunTime:0.010918s ]
SQL: SELECT * FROM `zwp_m_field_rent` WHERE ( `companyCd` = 'ZGS' ) AND ( `fieldId` = 'FD00001' )  [ RunTime:0.000269s ]
SQL: SHOW COLUMNS FROM `zwp_t_file` [ RunTime:0.007094s ]
SQL: SELECT * FROM `zwp_t_file` WHERE ( `companyCd` = 'ZGS' ) AND ( `fileGroupId` = 'FG00001' )  [ RunTime:0.000299s ]

[ 2018-06-24T22:30:11+08:00 ] 192.168.0.122 /plant/API/api/user/login
INFO: {"userCd":"10007","password":"gggg"}
[ 2018-06-24T22:30:12+08:00 ] 192.168.0.122 /plant/API/api/user/login
INFO: {"code":"1000","msg":"\u767b\u5f55\u6210\u529f\uff01","data":{"user":{"userCd":"10007","userName":"\u884c\u4e09","password":"gggg","telPhone":"1315656566","address":"25,55","addressName":"\u4e0a\u6d77"},"loginCompanyInfo":{"companyCd":"ZGS","userCd":"10007","currentFlag":"1","sysAuth":"R"},"sk":"b7b5e517daa2bae3cc3a3333efe81b24d2086506"}}
[ 2018-06-24T22:30:12+08:00 ] 192.168.0.122 /plant/API/api/user/login
INFO: [ app_begin ] --START--
INFO: Run Behavior\ReadHtmlCache [ RunTime:0.000703s ]
INFO: [ app_begin ] --END-- [ RunTime:0.001126s ]
SQL: SHOW COLUMNS FROM `zwp_sys_user` [ RunTime:0.006172s ]
SQL: SELECT * FROM `zwp_sys_user` WHERE ( `userCd` = '10007' ) LIMIT 1   [ RunTime:0.000237s ]
SQL: SHOW COLUMNS FROM `zwp_sys_company_user_map` [ RunTime:0.006506s ]
SQL: SELECT * FROM `zwp_sys_company_user_map` WHERE ( `userCd` = '10007' ) AND ( `currentFlag` = 1 ) LIMIT 1   [ RunTime:0.000234s ]

[ 2018-06-24T22:30:14+08:00 ] 192.168.0.122 /plant/API/api/fieldMaster/getFieldInfo
INFO: {"sk":"b7b5e517daa2bae3cc3a3333efe81b24d2086506","data":{"navigation":{"actions":{},"state":{"routeName":"EditField","key":"id-1529850612354-4"}},"editType":"0","fieldId":"FD00001"}}
[ 2018-06-24T22:30:14+08:00 ] 192.168.0.122 /plant/API/api/fieldMaster/getFieldInfo
INFO: {"userInfo":{"userCd":"10007","userName":"\u884c\u4e09","password":"gggg","telPhone":"1315656566","address":"25,55","addressName":"\u4e0a\u6d77"},"companyInfo":{"companyCd":"ZGS","userCd":"10007","currentFlag":"1","sysAuth":"R"}}
[ 2018-06-24T22:30:14+08:00 ] 192.168.0.122 /plant/API/api/fieldMaster/getFieldInfo
INFO: 99999999999999999999
[ 2018-06-24T22:30:15+08:00 ] 192.168.0.122 /plant/API/api/fieldMaster/getFieldInfo
INFO: 0
[ 2018-06-24T22:30:15+08:00 ] 192.168.0.122 /plant/API/api/fieldMaster/getFieldInfo
INFO: [ app_begin ] --START--
INFO: Run Behavior\ReadHtmlCache [ RunTime:0.000533s ]
INFO: [ app_begin ] --END-- [ RunTime:0.000903s ]
SQL: SHOW COLUMNS FROM `zwp_m_field` [ RunTime:0.006191s ]
SQL: SELECT * FROM `zwp_m_field` WHERE ( `companyCd` = 'ZGS' ) AND ( `fieldId` = 'FD00001' ) LIMIT 1   [ RunTime:0.000264s ]
SQL: SHOW COLUMNS FROM `zwp_m_field_rent` [ RunTime:0.006921s ]
SQL: SELECT * FROM `zwp_m_field_rent` WHERE ( `companyCd` = 'ZGS' ) AND ( `fieldId` = 'FD00001' )  [ RunTime:0.000262s ]
SQL: SHOW COLUMNS FROM `zwp_t_file` [ RunTime:0.006385s ]
SQL: SELECT * FROM `zwp_t_file` WHERE ( `companyCd` = 'ZGS' ) AND ( `fileGroupId` = 'FG00001' )  [ RunTime:0.000264s ]

