[ 2018-06-20T09:41:12+08:00 ] ::1 /plant/API/
INFO: [ app_begin ] --START--
INFO: Run Behavior\ReadHtmlCache [ RunTime:0.001001s ]
INFO: [ app_begin ] --END-- [ RunTime:0.098006s ]
INFO: [ app_end ] --START--
INFO: Run Behavior\ShowPageTrace [ RunTime:0.002000s ]
INFO: [ app_end ] --END-- [ RunTime:0.002000s ]

[ 2018-06-20T13:26:31+08:00 ] ::1 /plant/API/
INFO: [ app_begin ] --START--
INFO: Run Behavior\ReadHtmlCache [ RunTime:0.002000s ]
INFO: [ app_begin ] --END-- [ RunTime:0.021001s ]
INFO: [ app_end ] --START--
INFO: Run Behavior\ShowPageTrace [ RunTime:0.002000s ]
INFO: [ app_end ] --END-- [ RunTime:0.002000s ]

[ 2018-06-20T13:27:20+08:00 ] ::1 /plant/API/
INFO: [ app_begin ] --START--
INFO: Run Behavior\ReadHtmlCache [ RunTime:0.002000s ]
INFO: [ app_begin ] --END-- [ RunTime:0.003000s ]
INFO: [ app_end ] --START--
INFO: Run Behavior\ShowPageTrace [ RunTime:0.001000s ]
INFO: [ app_end ] --END-- [ RunTime:0.001000s ]

[ 2018-06-20T13:29:48+08:00 ] ::1 /plant/API/
INFO: [ app_begin ] --START--
INFO: Run Behavior\ReadHtmlCache [ RunTime:0.001000s ]
INFO: [ app_begin ] --END-- [ RunTime:0.001000s ]
INFO: [ app_end ] --START--
INFO: Run Behavior\ShowPageTrace [ RunTime:0.001000s ]
INFO: [ app_end ] --END-- [ RunTime:0.001000s ]

[ 2018-06-20T13:35:14+08:00 ] ::1 /plant/API/api/user/getInfo?code=10007
INFO: [ app_begin ] --START--
INFO: Run Behavior\ReadHtmlCache [ RunTime:0.001000s ]
INFO: [ app_begin ] --END-- [ RunTime:0.001000s ]
SQL: SHOW COLUMNS FROM `zwp_sys_user` [ RunTime:0.011001s ]
SQL: SELECT `userCd`,`userName`,`password` FROM `zwp_sys_user` WHERE ( userCd = "10007" ) LIMIT 1   [ RunTime:0.001000s ]

[ 2018-06-20T13:43:56+08:00 ] ::1 /plant/API/
INFO: [ app_begin ] --START--
INFO: Run Behavior\ReadHtmlCache [ RunTime:0.001000s ]
INFO: [ app_begin ] --END-- [ RunTime:0.002000s ]
INFO: [ app_end ] --START--
INFO: Run Behavior\ShowPageTrace [ RunTime:0.002000s ]
INFO: [ app_end ] --END-- [ RunTime:0.002000s ]

[ 2018-06-20T13:43:57+08:00 ] ::1 /plant/API/api/user/getInfo?code=10007
INFO: [ app_begin ] --START--
INFO: Run Behavior\ReadHtmlCache [ RunTime:0.001000s ]
INFO: [ app_begin ] --END-- [ RunTime:0.001000s ]
SQL: SHOW COLUMNS FROM `zwp_sys_user` [ RunTime:0.017001s ]
SQL: SELECT `userCd`,`userName`,`password` FROM `zwp_sys_user` WHERE ( userCd = "10007" ) LIMIT 1   [ RunTime:0.001000s ]

[ 2018-06-20T13:45:28+08:00 ] ::1 /plant/API/api/user/getInfo?code=10007
INFO: [ app_begin ] --START--
INFO: Run Behavior\ReadHtmlCache [ RunTime:0.001000s ]
INFO: [ app_begin ] --END-- [ RunTime:0.002000s ]
SQL: SHOW COLUMNS FROM `zwp_sys_user` [ RunTime:0.010000s ]
SQL: SELECT `userCd`,`userName`,`password` FROM `zwp_sys_user` WHERE ( userCd = "10007" ) LIMIT 1   [ RunTime:0.001000s ]

[ 2018-06-20T13:46:04+08:00 ] ::1 /plant/API/api/user/getInfo?code=10007
INFO: [ app_begin ] --START--
INFO: Run Behavior\ReadHtmlCache [ RunTime:0.001000s ]
INFO: [ app_begin ] --END-- [ RunTime:0.001000s ]
SQL: SHOW COLUMNS FROM `zwp_sys_user` [ RunTime:0.009001s ]
SQL: SELECT `userCd`,`userName`,`password` FROM `zwp_sys_user` WHERE ( userCd = "10007" ) LIMIT 1   [ RunTime:0.001000s ]

[ 2018-06-20T16:27:14+08:00 ] ::1 /plant/API/api/user/getInfo?code=10007
INFO: [ app_begin ] --START--
INFO: Run Behavior\ReadHtmlCache [ RunTime:0.001001s ]
INFO: [ app_begin ] --END-- [ RunTime:0.001001s ]
SQL: SHOW COLUMNS FROM `zwp_sys_user` [ RunTime:0.024503s ]
SQL: SELECT * FROM `zwp_sys_user` WHERE ( `userCd` = '10007' ) LIMIT 1   [ RunTime:0.000500s ]

[ 2018-06-20T17:25:23+08:00 ] ::1 /plant/API/api/user/getSeq
INFO: [ app_begin ] --START--
INFO: Run Behavior\ReadHtmlCache [ RunTime:0.001000s ]
INFO: [ app_begin ] --END-- [ RunTime:0.001500s ]
SQL: SHOW COLUMNS FROM `zwp_sys_sequence` [ RunTime:0.005001s ]
SQL: SELECT * FROM `zwp_sys_sequence` WHERE ( `seqPrefix` = 'UU' ) LIMIT 1   [ RunTime:0.000500s ]
SQL: INSERT INTO `zwp_sys_sequence` (`seqPrefix`,`sequence`) VALUES ('UU',1) [ RunTime:0.001000s ]

[ 2018-06-20T17:25:41+08:00 ] ::1 /plant/API/api/user/getSeq
INFO: [ app_begin ] --START--
INFO: Run Behavior\ReadHtmlCache [ RunTime:0.000500s ]
INFO: [ app_begin ] --END-- [ RunTime:0.002000s ]
SQL: SHOW COLUMNS FROM `zwp_sys_sequence` [ RunTime:0.009001s ]
SQL: SELECT * FROM `zwp_sys_sequence` WHERE ( `seqPrefix` = 'UU' ) LIMIT 1   [ RunTime:0.000500s ]
SQL: UPDATE `zwp_sys_sequence` SET `sequence`=2 WHERE ( `seqPrefix` = 'UU' ) [ RunTime:0.001000s ]

[ 2018-06-20T17:25:43+08:00 ] ::1 /plant/API/api/user/getSeq
INFO: [ app_begin ] --START--
INFO: Run Behavior\ReadHtmlCache [ RunTime:0.001000s ]
INFO: [ app_begin ] --END-- [ RunTime:0.001500s ]
SQL: SHOW COLUMNS FROM `zwp_sys_sequence` [ RunTime:0.007000s ]
SQL: SELECT * FROM `zwp_sys_sequence` WHERE ( `seqPrefix` = 'UU' ) LIMIT 1   [ RunTime:0.000501s ]
SQL: UPDATE `zwp_sys_sequence` SET `sequence`=3 WHERE ( `seqPrefix` = 'UU' ) [ RunTime:0.000500s ]

[ 2018-06-20T17:25:44+08:00 ] ::1 /plant/API/api/user/getSeq
INFO: [ app_begin ] --START--
INFO: Run Behavior\ReadHtmlCache [ RunTime:0.002001s ]
INFO: [ app_begin ] --END-- [ RunTime:0.002501s ]
SQL: SHOW COLUMNS FROM `zwp_sys_sequence` [ RunTime:0.004500s ]
SQL: SELECT * FROM `zwp_sys_sequence` WHERE ( `seqPrefix` = 'UU' ) LIMIT 1   [ RunTime:0.000500s ]
SQL: UPDATE `zwp_sys_sequence` SET `sequence`=4 WHERE ( `seqPrefix` = 'UU' ) [ RunTime:0.000501s ]

[ 2018-06-20T17:25:46+08:00 ] ::1 /plant/API/api/user/getSeq
INFO: [ app_begin ] --START--
INFO: Run Behavior\ReadHtmlCache [ RunTime:0.001000s ]
INFO: [ app_begin ] --END-- [ RunTime:0.002001s ]
SQL: SHOW COLUMNS FROM `zwp_sys_sequence` [ RunTime:0.010002s ]
SQL: SELECT * FROM `zwp_sys_sequence` WHERE ( `seqPrefix` = 'UU' ) LIMIT 1   [ RunTime:0.000500s ]
SQL: UPDATE `zwp_sys_sequence` SET `sequence`=5 WHERE ( `seqPrefix` = 'UU' ) [ RunTime:0.000500s ]

[ 2018-06-20T17:25:47+08:00 ] ::1 /plant/API/api/user/getSeq
INFO: [ app_begin ] --START--
INFO: Run Behavior\ReadHtmlCache [ RunTime:0.001000s ]
INFO: [ app_begin ] --END-- [ RunTime:0.001500s ]
SQL: SHOW COLUMNS FROM `zwp_sys_sequence` [ RunTime:0.006501s ]
SQL: SELECT * FROM `zwp_sys_sequence` WHERE ( `seqPrefix` = 'UU' ) LIMIT 1   [ RunTime:0.000500s ]
SQL: UPDATE `zwp_sys_sequence` SET `sequence`=6 WHERE ( `seqPrefix` = 'UU' ) [ RunTime:0.000500s ]

[ 2018-06-20T17:25:49+08:00 ] ::1 /plant/API/api/user/getSeq
INFO: [ app_begin ] --START--
INFO: Run Behavior\ReadHtmlCache [ RunTime:0.000500s ]
INFO: [ app_begin ] --END-- [ RunTime:0.001000s ]
SQL: SHOW COLUMNS FROM `zwp_sys_sequence` [ RunTime:0.007001s ]
SQL: SELECT * FROM `zwp_sys_sequence` WHERE ( `seqPrefix` = 'UU' ) LIMIT 1   [ RunTime:0.000500s ]
SQL: UPDATE `zwp_sys_sequence` SET `sequence`=7 WHERE ( `seqPrefix` = 'UU' ) [ RunTime:0.000500s ]

[ 2018-06-20T17:55:46+08:00 ] ::1 /plant/API/api/user/register?userCd=10008&userName=%E5%BC%A0%E4%B8%89&password=asdf&telPhone=1314444&address=(22,11)&addressName=%E4%B8%8A%E6%B5%B7
INFO: [ app_begin ] --START--
INFO: Run Behavior\ReadHtmlCache [ RunTime:0.001001s ]
INFO: [ app_begin ] --END-- [ RunTime:0.001501s ]
SQL: SHOW COLUMNS FROM `zwp_sys_user` [ RunTime:0.022503s ]
ERR: Think\Model:register方法不存在！

[ 2018-06-20T17:56:45+08:00 ] ::1 /plant/API/api/user/register?userCd=10008&userName=%E5%BC%A0%E4%B8%89&password=asdf&telPhone=1314444&address=(22,11)&addressName=%E4%B8%8A%E6%B5%B7
INFO: [ app_begin ] --START--
INFO: Run Behavior\ReadHtmlCache [ RunTime:0.001001s ]
INFO: [ app_begin ] --END-- [ RunTime:0.001501s ]
SQL: SHOW COLUMNS FROM `zwp_sys_user` [ RunTime:0.005000s ]
NOTIC: [8] Undefined index: userCd C:\phpStudy\WWW\plant\API\Apps\Api\Model\SysUserModel.class.php 第 22 行.
SQL: SELECT * FROM `zwp_sys_user` WHERE ( `userCd` = null ) LIMIT 1   [ RunTime:0.000501s ]

[ 2018-06-20T17:57:57+08:00 ] ::1 /plant/API/api/user/register?userCd=10008&userName=%E5%BC%A0%E4%B8%89&password=asdf&telPhone=1314444&address=(22,11)&addressName=%E4%B8%8A%E6%B5%B7
INFO: [ app_begin ] --START--
INFO: Run Behavior\ReadHtmlCache [ RunTime:0.001500s ]
INFO: [ app_begin ] --END-- [ RunTime:0.002001s ]
SQL: SHOW COLUMNS FROM `zwp_sys_user` [ RunTime:0.008501s ]
NOTIC: [8] Undefined index: userCd C:\phpStudy\WWW\plant\API\Apps\Api\Model\SysUserModel.class.php 第 22 行.
SQL: SELECT * FROM `zwp_sys_user` WHERE ( `userCd` = null ) LIMIT 1   [ RunTime:0.001500s ]

[ 2018-06-20T17:59:23+08:00 ] ::1 /plant/API/api/user/register?userCd=10008&userName=%E5%BC%A0%E4%B8%89&password=asdf&telPhone=1314444&address=(22,11)&addressName=%E4%B8%8A%E6%B5%B7
INFO: [ app_begin ] --START--
INFO: Run Behavior\ReadHtmlCache [ RunTime:0.001000s ]
INFO: [ app_begin ] --END-- [ RunTime:0.001500s ]
SQL: SHOW COLUMNS FROM `zwp_sys_user` [ RunTime:0.006001s ]
NOTIC: [8] Undefined index: userCd C:\phpStudy\WWW\plant\API\Apps\Api\Model\SysUserModel.class.php 第 22 行.
SQL: SELECT * FROM `zwp_sys_user` WHERE ( `userCd` = null ) LIMIT 1   [ RunTime:0.000500s ]

[ 2018-06-20T17:59:38+08:00 ] ::1 /plant/API/api/user/register?userCd=10008&userName=%E5%BC%A0%E4%B8%89&password=asdf&telPhone=1314444&address=444&addressName=%E4%B8%8A%E6%B5%B7
INFO: [ app_begin ] --START--
INFO: Run Behavior\ReadHtmlCache [ RunTime:0.001000s ]
INFO: [ app_begin ] --END-- [ RunTime:0.001500s ]
SQL: SHOW COLUMNS FROM `zwp_sys_user` [ RunTime:0.005501s ]
NOTIC: [8] Undefined index: userCd C:\phpStudy\WWW\plant\API\Apps\Api\Model\SysUserModel.class.php 第 22 行.
SQL: SELECT * FROM `zwp_sys_user` WHERE ( `userCd` = null ) LIMIT 1   [ RunTime:0.004501s ]

[ 2018-06-20T18:00:13+08:00 ] ::1 /plant/API/api/user/register?userCd=10008&userName=%E5%BC%A0%E4%B8%89&password=asdf&telPhone=1314444&address=444&addressName=%E4%B8%8A%E6%B5%B7
INFO: [ app_begin ] --START--
INFO: Run Behavior\ReadHtmlCache [ RunTime:0.001000s ]
INFO: [ app_begin ] --END-- [ RunTime:0.001500s ]
SQL: SHOW COLUMNS FROM `zwp_sys_user` [ RunTime:0.006000s ]
NOTIC: [8] Array to string conversion C:\phpStudy\WWW\plant\API\Apps\Api\Model\SysUserModel.class.php 第 22 行.
NOTIC: [8] Undefined index: userCd C:\phpStudy\WWW\plant\API\Apps\Api\Model\SysUserModel.class.php 第 23 行.
SQL: SELECT * FROM `zwp_sys_user` WHERE ( `userCd` = null ) LIMIT 1   [ RunTime:0.000500s ]

[ 2018-06-20T18:00:41+08:00 ] ::1 /plant/API/api/user/register?userCd=10008&userName=%E5%BC%A0%E4%B8%89&password=asdf&telPhone=1314444&address=444&addressName=%E4%B8%8A%E6%B5%B7
INFO: [ app_begin ] --START--
INFO: Run Behavior\ReadHtmlCache [ RunTime:0.001000s ]
INFO: [ app_begin ] --END-- [ RunTime:0.001501s ]
SQL: SHOW COLUMNS FROM `zwp_sys_user` [ RunTime:0.008001s ]
NOTIC: [8] Undefined index: userCd C:\phpStudy\WWW\plant\API\Apps\Api\Model\SysUserModel.class.php 第 23 行.
SQL: SELECT * FROM `zwp_sys_user` WHERE ( `userCd` = null ) LIMIT 1   [ RunTime:0.000500s ]

[ 2018-06-20T18:01:34+08:00 ] ::1 /plant/API/api/user/register
INFO: [ app_begin ] --START--
INFO: Run Behavior\ReadHtmlCache [ RunTime:0.001000s ]
INFO: [ app_begin ] --END-- [ RunTime:0.001500s ]
SQL: SHOW COLUMNS FROM `zwp_sys_user` [ RunTime:0.009501s ]
NOTIC: [8] Undefined index: userCd C:\phpStudy\WWW\plant\API\Apps\Api\Model\SysUserModel.class.php 第 23 行.
SQL: SELECT * FROM `zwp_sys_user` WHERE ( `userCd` = null ) LIMIT 1   [ RunTime:0.001000s ]

[ 2018-06-20T18:02:42+08:00 ] ::1 /plant/API/api/user/register
INFO: [ app_begin ] --START--
INFO: Run Behavior\ReadHtmlCache [ RunTime:0.001000s ]
INFO: [ app_begin ] --END-- [ RunTime:0.002000s ]
SQL: SHOW COLUMNS FROM `zwp_sys_user` [ RunTime:0.010001s ]
NOTIC: [8] Undefined index: userCd C:\phpStudy\WWW\plant\API\Apps\Api\Model\SysUserModel.class.php 第 23 行.
SQL: SELECT * FROM `zwp_sys_user` WHERE ( `userCd` = null ) LIMIT 1   [ RunTime:0.001000s ]

[ 2018-06-20T18:03:21+08:00 ] ::1 /plant/API/api/user/register
INFO: [ app_begin ] --START--
INFO: Run Behavior\ReadHtmlCache [ RunTime:0.001001s ]
INFO: [ app_begin ] --END-- [ RunTime:0.001501s ]
SQL: SHOW COLUMNS FROM `zwp_sys_user` [ RunTime:0.009502s ]
NOTIC: [8] Undefined index: userCd C:\phpStudy\WWW\plant\API\Apps\Api\Model\SysUserModel.class.php 第 23 行.
SQL: SELECT * FROM `zwp_sys_user` WHERE ( `userCd` = null ) LIMIT 1   [ RunTime:0.000500s ]

[ 2018-06-20T18:05:26+08:00 ] ::1 /plant/API/api/user/register
INFO: [ app_begin ] --START--
INFO: Run Behavior\ReadHtmlCache [ RunTime:0.001000s ]
INFO: [ app_begin ] --END-- [ RunTime:0.001500s ]
SQL: SHOW COLUMNS FROM `zwp_sys_user` [ RunTime:0.005001s ]
SQL: SELECT * FROM `zwp_sys_user` WHERE ( `userCd` = '10008' ) LIMIT 1   [ RunTime:0.000500s ]
SQL: INSERT INTO `zwp_sys_user` (`userCd`,`userName`,`password`) VALUES ('10008','李四','gggg') [ RunTime:0.000500s ]

[ 2018-06-20T18:06:17+08:00 ] ::1 /plant/API/api/user/register
INFO: [ app_begin ] --START--
INFO: Run Behavior\ReadHtmlCache [ RunTime:0.001000s ]
INFO: [ app_begin ] --END-- [ RunTime:0.001500s ]
SQL: SHOW COLUMNS FROM `zwp_sys_user` [ RunTime:0.005000s ]
SQL: SELECT * FROM `zwp_sys_user` WHERE ( `userCd` = '10007' ) LIMIT 1   [ RunTime:0.000501s ]
NOTIC: [8] Array to string conversion C:\phpStudy\WWW\plant\API\Apps\Api\Model\SysUserModel.class.php 第 24 行.
SQL: UPDATE `zwp_sys_user` SET `userName`='李四',`password`='gggg' WHERE ( `userCd` = '10007' ) [ RunTime:0.001000s ]

[ 2018-06-20T23:06:06+08:00 ] ::1 /plant/API/api/user/login?userCd=10007&password=BBB
INFO: [ app_begin ] --START--
INFO: Run Behavior\ReadHtmlCache [ RunTime:0.001000s ]
INFO: [ app_begin ] --END-- [ RunTime:0.002000s ]
SQL: SHOW COLUMNS FROM `zwp_sys_user` [ RunTime:0.015001s ]
NOTIC: [8] Use of undefined constant I - assumed 'I' C:\phpStudy\WWW\plant\API\Apps\Api\Controller\UserController.class.php 第 31 行.
NOTIC: [2] Illegal string offset 'userCd' C:\phpStudy\WWW\plant\API\Apps\Api\Controller\UserController.class.php 第 31 行.
SQL: SELECT * FROM `zwp_sys_user` WHERE ( `userCd` = 'I' ) LIMIT 1   [ RunTime:0.001000s ]

[ 2018-06-20T23:06:40+08:00 ] ::1 /plant/API/api/user/login?userCd=10007&password=gggg
INFO: [ app_begin ] --START--
INFO: Run Behavior\ReadHtmlCache [ RunTime:0.001000s ]
INFO: [ app_begin ] --END-- [ RunTime:0.001000s ]
SQL: SHOW COLUMNS FROM `zwp_sys_user` [ RunTime:0.006000s ]
NOTIC: [8] Use of undefined constant I - assumed 'I' C:\phpStudy\WWW\plant\API\Apps\Api\Controller\UserController.class.php 第 31 行.
NOTIC: [2] Illegal string offset 'userCd' C:\phpStudy\WWW\plant\API\Apps\Api\Controller\UserController.class.php 第 31 行.
SQL: SELECT * FROM `zwp_sys_user` WHERE ( `userCd` = 'I' ) LIMIT 1   [ RunTime:0.000000s ]

[ 2018-06-20T23:07:10+08:00 ] ::1 /plant/API/api/user/login?userCd=10007&password=gggg
INFO: [ app_begin ] --START--
INFO: Run Behavior\ReadHtmlCache [ RunTime:0.001000s ]
INFO: [ app_begin ] --END-- [ RunTime:0.002000s ]
SQL: SHOW COLUMNS FROM `zwp_sys_user` [ RunTime:0.005000s ]
NOTIC: [8] Use of undefined constant I - assumed 'I' C:\phpStudy\WWW\plant\API\Apps\Api\Controller\UserController.class.php 第 31 行.
NOTIC: [2] Illegal string offset 'userCd' C:\phpStudy\WWW\plant\API\Apps\Api\Controller\UserController.class.php 第 31 行.
SQL: SELECT * FROM `zwp_sys_user` WHERE ( `userCd` = 'I' ) LIMIT 1   [ RunTime:0.001000s ]
NOTIC: [8] Use of undefined constant I - assumed 'I' C:\phpStudy\WWW\plant\API\Apps\Api\Controller\UserController.class.php 第 32 行.
NOTIC: [2] Illegal string offset 'userCd' C:\phpStudy\WWW\plant\API\Apps\Api\Controller\UserController.class.php 第 32 行.

[ 2018-06-20T23:09:02+08:00 ] ::1 /plant/API/api/user/login?userCd=10007&password=gggg
INFO: [ app_begin ] --START--
INFO: Run Behavior\ReadHtmlCache [ RunTime:0.001000s ]
INFO: [ app_begin ] --END-- [ RunTime:0.001000s ]
ERR: syntax error, unexpected ';', expecting ',' or ')'

[ 2018-06-20T23:09:13+08:00 ] ::1 /plant/API/api/user/login?userCd=10007&password=gggg
INFO: [ app_begin ] --START--
INFO: Run Behavior\ReadHtmlCache [ RunTime:0.001000s ]
INFO: [ app_begin ] --END-- [ RunTime:0.001000s ]
SQL: SHOW COLUMNS FROM `zwp_sys_user` [ RunTime:0.007000s ]
SQL: SELECT * FROM `zwp_sys_user` WHERE ( `userCd` = '10007' ) LIMIT 1   [ RunTime:0.000000s ]
NOTIC: [2] fopen(/dev/urandom): failed to open stream: No such file or directory C:\phpStudy\WWW\plant\API\Apps\Api\Controller\UserController.class.php 第 66 行.
NOTIC: [1024] Can not open /dev/urandom. C:\phpStudy\WWW\plant\API\Apps\Api\Controller\UserController.class.php 第 74 行.

[ 2018-06-20T23:09:54+08:00 ] ::1 /plant/API/api/user/login?userCd=10007&password=gggg
INFO: [ app_begin ] --START--
INFO: Run Behavior\ReadHtmlCache [ RunTime:0.000000s ]
INFO: [ app_begin ] --END-- [ RunTime:0.001000s ]
SQL: SHOW COLUMNS FROM `zwp_sys_user` [ RunTime:0.005000s ]
SQL: SELECT * FROM `zwp_sys_user` WHERE ( `userCd` = '10007' ) LIMIT 1   [ RunTime:0.000000s ]
NOTIC: [2] fopen(/dev/urandom): failed to open stream: No such file or directory C:\phpStudy\WWW\plant\API\Apps\Api\Controller\UserController.class.php 第 67 行.
NOTIC: [1024] Can not open /dev/urandom. C:\phpStudy\WWW\plant\API\Apps\Api\Controller\UserController.class.php 第 75 行.

[ 2018-06-20T23:10:24+08:00 ] ::1 /plant/API/api/user/login?userCd=10007&password=gggg
INFO: [ app_begin ] --START--
INFO: Run Behavior\ReadHtmlCache [ RunTime:0.002000s ]
INFO: [ app_begin ] --END-- [ RunTime:0.002000s ]
SQL: SHOW COLUMNS FROM `zwp_sys_user` [ RunTime:0.008000s ]
SQL: SELECT * FROM `zwp_sys_user` WHERE ( `userCd` = '10007' ) LIMIT 1   [ RunTime:0.000000s ]
NOTIC: [2] fopen(/dev/urandom): failed to open stream: No such file or directory C:\phpStudy\WWW\plant\API\Apps\Api\Controller\UserController.class.php 第 67 行.
NOTIC: [1024] Can not open /dev/urandom. C:\phpStudy\WWW\plant\API\Apps\Api\Controller\UserController.class.php 第 75 行.

[ 2018-06-20T23:16:04+08:00 ] ::1 /plant/API/api/user/login?userCd=10007&password=gggg
INFO: [ app_begin ] --START--
INFO: Run Behavior\ReadHtmlCache [ RunTime:0.001000s ]
INFO: [ app_begin ] --END-- [ RunTime:0.002000s ]
SQL: SHOW COLUMNS FROM `zwp_sys_user` [ RunTime:0.005000s ]
SQL: SELECT * FROM `zwp_sys_user` WHERE ( `userCd` = '10007' ) LIMIT 1   [ RunTime:0.001000s ]

[ 2018-06-20T23:21:26+08:00 ] ::1 /plant/API/api/user/getUserInfo?userCd=10007
INFO: [ app_begin ] --START--
INFO: Run Behavior\ReadHtmlCache [ RunTime:0.001000s ]
INFO: [ app_begin ] --END-- [ RunTime:0.002000s ]

[ 2018-06-20T23:22:06+08:00 ] ::1 /plant/API/api/user/login?userCd=10007&password=gggg
INFO: [ app_begin ] --START--
INFO: Run Behavior\ReadHtmlCache [ RunTime:0.001000s ]
INFO: [ app_begin ] --END-- [ RunTime:0.001000s ]
SQL: SHOW COLUMNS FROM `zwp_sys_user` [ RunTime:0.009000s ]
SQL: SELECT * FROM `zwp_sys_user` WHERE ( `userCd` = '10007' ) LIMIT 1   [ RunTime:0.000000s ]

[ 2018-06-20T23:22:12+08:00 ] ::1 /plant/API/api/user/getUserInfo?userCd=10007
INFO: [ app_begin ] --START--
INFO: Run Behavior\ReadHtmlCache [ RunTime:0.001000s ]
INFO: [ app_begin ] --END-- [ RunTime:0.002000s ]

[ 2018-06-20T23:23:03+08:00 ] ::1 /plant/API/api/user/login?userCd=10007&password=gggg
INFO: [ app_begin ] --START--
INFO: Run Behavior\ReadHtmlCache [ RunTime:0.001001s ]
INFO: [ app_begin ] --END-- [ RunTime:0.001001s ]
SQL: SHOW COLUMNS FROM `zwp_sys_user` [ RunTime:0.006000s ]
SQL: SELECT * FROM `zwp_sys_user` WHERE ( `userCd` = '10007' ) LIMIT 1   [ RunTime:0.000000s ]

[ 2018-06-20T23:23:05+08:00 ] ::1 /plant/API/api/user/getUserInfo?userCd=10007
INFO: [ app_begin ] --START--
INFO: Run Behavior\ReadHtmlCache [ RunTime:0.000000s ]
INFO: [ app_begin ] --END-- [ RunTime:0.001000s ]

[ 2018-06-20T23:25:24+08:00 ] ::1 /plant/API/api/user/login?userCd=10007&password=gggg
INFO: [ app_begin ] --START--
INFO: Run Behavior\ReadHtmlCache [ RunTime:0.001000s ]
INFO: [ app_begin ] --END-- [ RunTime:0.001000s ]
SQL: SHOW COLUMNS FROM `zwp_sys_user` [ RunTime:0.005000s ]
SQL: SELECT * FROM `zwp_sys_user` WHERE ( `userCd` = '10007' ) LIMIT 1   [ RunTime:0.001001s ]

[ 2018-06-20T23:25:26+08:00 ] ::1 /plant/API/api/user/getUserInfo?userCd=10007
INFO: [ app_begin ] --START--
INFO: Run Behavior\ReadHtmlCache [ RunTime:0.001000s ]
INFO: [ app_begin ] --END-- [ RunTime:0.001000s ]

[ 2018-06-20T23:25:29+08:00 ] ::1 /plant/API/api/user/getUserInfo?userCd=10007
INFO: [ app_begin ] --START--
INFO: Run Behavior\ReadHtmlCache [ RunTime:0.001000s ]
INFO: [ app_begin ] --END-- [ RunTime:0.002000s ]

[ 2018-06-20T23:26:01+08:00 ] ::1 /plant/API/api/user/getUserInfo?userCd=10007
INFO: [ app_begin ] --START--
INFO: Run Behavior\ReadHtmlCache [ RunTime:0.002000s ]
INFO: [ app_begin ] --END-- [ RunTime:0.002000s ]

[ 2018-06-20T23:26:13+08:00 ] ::1 /plant/API/api/user/getUserInfo?userCd=10007
INFO: [ app_begin ] --START--
INFO: Run Behavior\ReadHtmlCache [ RunTime:0.001000s ]
INFO: [ app_begin ] --END-- [ RunTime:0.002000s ]

[ 2018-06-20T23:26:28+08:00 ] ::1 /plant/API/api/user/login?userCd=10007&password=gggg
INFO: [ app_begin ] --START--
INFO: Run Behavior\ReadHtmlCache [ RunTime:0.001000s ]
INFO: [ app_begin ] --END-- [ RunTime:0.001000s ]
SQL: SHOW COLUMNS FROM `zwp_sys_user` [ RunTime:0.010000s ]
SQL: SELECT * FROM `zwp_sys_user` WHERE ( `userCd` = '10007' ) LIMIT 1   [ RunTime:0.001000s ]

[ 2018-06-20T23:26:28+08:00 ] ::1 /plant/API/api/user/getUserInfo?userCd=10007
INFO: [ app_begin ] --START--
INFO: Run Behavior\ReadHtmlCache [ RunTime:0.000000s ]
INFO: [ app_begin ] --END-- [ RunTime:0.001000s ]

[ 2018-06-20T23:26:29+08:00 ] ::1 /plant/API/api/user/register?userCd=10008&userName=%E5%BC%A0%E4%B8%89&password=asdf&telPhone=1314444&address=444&addressName=%E4%B8%8A%E6%B5%B7
INFO: [ app_begin ] --START--
INFO: Run Behavior\ReadHtmlCache [ RunTime:0.001000s ]
INFO: [ app_begin ] --END-- [ RunTime:0.002000s ]
SQL: SHOW COLUMNS FROM `zwp_sys_user` [ RunTime:0.006001s ]
NOTIC: [8] Undefined index: userCd C:\phpStudy\WWW\plant\API\Apps\Api\Model\SysUserModel.class.php 第 22 行.
SQL: SELECT * FROM `zwp_sys_user` WHERE ( `userCd` = null ) LIMIT 1   [ RunTime:0.000000s ]

[ 2018-06-20T23:26:30+08:00 ] ::1 /plant/API/api/user/register?userCd=10008&userName=%E5%BC%A0%E4%B8%89&password=asdf&telPhone=1314444&address=(22,11)&addressName=%E4%B8%8A%E6%B5%B7
INFO: [ app_begin ] --START--
INFO: Run Behavior\ReadHtmlCache [ RunTime:0.000000s ]
INFO: [ app_begin ] --END-- [ RunTime:0.001000s ]
SQL: SHOW COLUMNS FROM `zwp_sys_user` [ RunTime:0.006000s ]
NOTIC: [8] Undefined index: userCd C:\phpStudy\WWW\plant\API\Apps\Api\Model\SysUserModel.class.php 第 22 行.
SQL: SELECT * FROM `zwp_sys_user` WHERE ( `userCd` = null ) LIMIT 1   [ RunTime:0.000000s ]

[ 2018-06-20T23:26:31+08:00 ] ::1 /plant/API/api/user/logout?userCd=10007
INFO: [ app_begin ] --START--
INFO: Run Behavior\ReadHtmlCache [ RunTime:0.001000s ]
INFO: [ app_begin ] --END-- [ RunTime:0.001000s ]

[ 2018-06-20T23:26:31+08:00 ] ::1 /plant/API/api/user/login?userCd=10007&password=BBB
INFO: [ app_begin ] --START--
INFO: Run Behavior\ReadHtmlCache [ RunTime:0.000000s ]
INFO: [ app_begin ] --END-- [ RunTime:0.001000s ]
SQL: SHOW COLUMNS FROM `zwp_sys_user` [ RunTime:0.004000s ]
SQL: SELECT * FROM `zwp_sys_user` WHERE ( `userCd` = '10007' ) LIMIT 1   [ RunTime:0.000000s ]

[ 2018-06-20T23:26:32+08:00 ] ::1 /plant/API/api/user/getSeq
INFO: [ app_begin ] --START--
INFO: Run Behavior\ReadHtmlCache [ RunTime:0.001000s ]
INFO: [ app_begin ] --END-- [ RunTime:0.002000s ]
ERR: 非法操作:getseq

[ 2018-06-20T23:26:35+08:00 ] ::1 /plant/API/api/user/getUserInfo?userCd=10007
INFO: [ app_begin ] --START--
INFO: Run Behavior\ReadHtmlCache [ RunTime:0.000000s ]
INFO: [ app_begin ] --END-- [ RunTime:0.001000s ]

[ 2018-06-20T23:36:08+08:00 ] ::1 /plant/API/api/user/login?userCd=10007&password=gggg
INFO: [ app_begin ] --START--
INFO: Run Behavior\ReadHtmlCache [ RunTime:0.001000s ]
INFO: [ app_begin ] --END-- [ RunTime:0.002000s ]
SQL: SHOW COLUMNS FROM `zwp_sys_user` [ RunTime:0.005000s ]
SQL: SELECT * FROM `zwp_sys_user` WHERE ( `userCd` = '10007' ) LIMIT 1   [ RunTime:0.000000s ]
SQL: SHOW COLUMNS FROM `zwp_sys_company_user_map` [ RunTime:0.005000s ]
SQL: SELECT * FROM `zwp_sys_company_user_map` WHERE ( `userCd` = '10007' ) AND ( `currentFlag` = 1 ) LIMIT 1   [ RunTime:0.001000s ]

[ 2018-06-20T23:36:12+08:00 ] ::1 /plant/API/api/user/logout?userCd=10007
INFO: [ app_begin ] --START--
INFO: Run Behavior\ReadHtmlCache [ RunTime:0.001000s ]
INFO: [ app_begin ] --END-- [ RunTime:0.001000s ]

[ 2018-06-20T23:36:50+08:00 ] ::1 /plant/API/api/user/login?userCd=10007&password=gggg
INFO: [ app_begin ] --START--
INFO: Run Behavior\ReadHtmlCache [ RunTime:0.001000s ]
INFO: [ app_begin ] --END-- [ RunTime:0.002000s ]
SQL: SHOW COLUMNS FROM `zwp_sys_user` [ RunTime:0.004000s ]
SQL: SELECT * FROM `zwp_sys_user` WHERE ( `userCd` = '10007' ) LIMIT 1   [ RunTime:0.001000s ]
SQL: SHOW COLUMNS FROM `zwp_sys_company_user_map` [ RunTime:0.006000s ]
SQL: SELECT * FROM `zwp_sys_company_user_map` WHERE ( `userCd` = '10007' ) AND ( `currentFlag` = 1 ) LIMIT 1   [ RunTime:0.000000s ]

[ 2018-06-20T23:36:52+08:00 ] ::1 /plant/API/api/user/logout?userCd=10007
INFO: [ app_begin ] --START--
INFO: Run Behavior\ReadHtmlCache [ RunTime:0.000000s ]
INFO: [ app_begin ] --END-- [ RunTime:0.001000s ]

