[ 2018-06-22T11:57:10+08:00 ] ::1 /plant/API/api/user/login
INFO: {"userCd":"10007","password":"gggg"}
[ 2018-06-22T11:57:11+08:00 ] ::1 /plant/API/api/user/login
INFO: [ app_begin ] --START--
INFO: Run Behavior\ReadHtmlCache [ RunTime:0.001000s ]
INFO: [ app_begin ] --END-- [ RunTime:0.002000s ]
SQL: SHOW COLUMNS FROM `zwp_sys_user` [ RunTime:0.023001s ]
SQL: SELECT * FROM `zwp_sys_user` WHERE ( `userCd` = '10007' ) LIMIT 1   [ RunTime:0.001000s ]
SQL: SHOW COLUMNS FROM `zwp_sys_company_user_map` [ RunTime:0.019001s ]
SQL: SELECT * FROM `zwp_sys_company_user_map` WHERE ( `userCd` = '10007' ) AND ( `currentFlag` = 1 ) LIMIT 1   [ RunTime:0.001000s ]
ERR: Too few arguments to function Api\Controller\UserController::get3rdSession(), 1 passed in C:\phpStudy\WWW\plant\API\Apps\Api\Controller\UserController.class.php on line 53 and exactly 2 expected

[ 2018-06-22T11:59:19+08:00 ] ::1 /plant/API/api/user/login
INFO: {"userCd":"10007","password":"gggg"}
[ 2018-06-22T11:59:21+08:00 ] ::1 /plant/API/api/user/login
INFO: [ app_begin ] --START--
INFO: Run Behavior\ReadHtmlCache [ RunTime:0.000000s ]
INFO: [ app_begin ] --END-- [ RunTime:0.002000s ]
SQL: SHOW COLUMNS FROM `zwp_sys_user` [ RunTime:0.020001s ]
SQL: SELECT * FROM `zwp_sys_user` WHERE ( `userCd` = '10007' ) LIMIT 1   [ RunTime:0.001000s ]
SQL: SHOW COLUMNS FROM `zwp_sys_company_user_map` [ RunTime:0.019001s ]
SQL: SELECT * FROM `zwp_sys_company_user_map` WHERE ( `userCd` = '10007' ) AND ( `currentFlag` = 1 ) LIMIT 1   [ RunTime:0.001000s ]
ERR: Too few arguments to function Api\Controller\UserController::get3rdSession(), 1 passed in C:\phpStudy\WWW\plant\API\Apps\Api\Controller\UserController.class.php on line 53 and exactly 2 expected

[ 2018-06-22T12:00:36+08:00 ] ::1 /plant/API/api/user/login
INFO: {"userCd":"10007","password":"gggg"}
[ 2018-06-22T12:00:37+08:00 ] ::1 /plant/API/api/user/login
INFO: [ app_begin ] --START--
INFO: Run Behavior\ReadHtmlCache [ RunTime:0.002000s ]
INFO: [ app_begin ] --END-- [ RunTime:0.002000s ]
SQL: SHOW COLUMNS FROM `zwp_sys_user` [ RunTime:0.025001s ]
SQL: SELECT * FROM `zwp_sys_user` WHERE ( `userCd` = '10007' ) LIMIT 1   [ RunTime:0.001000s ]
SQL: SHOW COLUMNS FROM `zwp_sys_company_user_map` [ RunTime:0.017001s ]
SQL: SELECT * FROM `zwp_sys_company_user_map` WHERE ( `userCd` = '10007' ) AND ( `currentFlag` = 1 ) LIMIT 1   [ RunTime:0.004001s ]
ERR: Class 'Log' not found

[ 2018-06-22T12:00:59+08:00 ] ::1 /plant/API/api/user/login
INFO: {"userCd":"10007","password":"gggg"}
[ 2018-06-22T12:01:00+08:00 ] ::1 /plant/API/api/user/login
INFO: {"code":"1000","msg":"\u767b\u5f55\u6210\u529f\uff01","data":{"user":{"userCd":"10007","userName":"\u674e\u56db","password":"gggg","telPhone":null,"address":null,"addressName":null},"loginCompanyInfo":null,"sk":"55bc48dc87a6b5a63618fbdcfcc3c9d8ae6cad36"}}
[ 2018-06-22T12:01:00+08:00 ] ::1 /plant/API/api/user/login
INFO: [ app_begin ] --START--
INFO: Run Behavior\ReadHtmlCache [ RunTime:0.001000s ]
INFO: [ app_begin ] --END-- [ RunTime:0.001000s ]
SQL: SHOW COLUMNS FROM `zwp_sys_user` [ RunTime:0.017001s ]
SQL: SELECT * FROM `zwp_sys_user` WHERE ( `userCd` = '10007' ) LIMIT 1   [ RunTime:0.001000s ]
SQL: SHOW COLUMNS FROM `zwp_sys_company_user_map` [ RunTime:0.016001s ]
SQL: SELECT * FROM `zwp_sys_company_user_map` WHERE ( `userCd` = '10007' ) AND ( `currentFlag` = 1 ) LIMIT 1   [ RunTime:0.000000s ]

